#
# There is insufficient memory for the Java Runtime Environment to continue.
# Native memory allocation (malloc) failed to allocate 1334176 bytes for Chunk::new
# Possible reasons:
#   The system is out of physical RAM or swap space
#   The process is running with CompressedOops enabled, and the Java Heap may be blocking the growth of the native heap
# Possible solutions:
#   Reduce memory load on the system
#   Increase physical memory or swap space
#   Check if swap backing store is full
#   Decrease Java heap size (-Xmx/-Xms)
#   Decrease number of Java threads
#   Decrease Java thread stack sizes (-Xss)
#   Set larger code cache with -XX:ReservedCodeCacheSize=
#   JVM is running with Unscaled Compressed Oops mode in which the Java heap is
#     placed in the first 4GB address space. The Java Heap base address is the
#     maximum limit for the native heap growth. Please use -XX:HeapBaseMinAddress
#     to set the Java Heap base and to place the Java Heap above 4GB virtual address.
# This output file may be truncated or incomplete.
#
#  Out of Memory Error (allocation.cpp:389), pid=13372, tid=0x0000000000004e50
#
# JRE version: OpenJDK Runtime Environment (8.0_242-b01) (build 1.8.0_242-release-1644-b01)
# Java VM: OpenJDK 64-Bit Server VM (25.242-b01 mixed mode windows-amd64 compressed oops)
# Failed to write core dump. Minidumps are not enabled by default on client versions of Windows
#

---------------  T H R E A D  ---------------

Current thread (0x0000000016423800):  JavaThread "C2 CompilerThread0" daemon [_thread_in_native, id=20048, stack(0x00000000183f0000,0x00000000184f0000)]

Stack: [0x00000000183f0000,0x00000000184f0000]
[error occurred during error reporting (printing stack bounds), id 0xc0000005]

Native frames: (J=compiled Java code, j=interpreted, Vv=VM code, C=native code)


Current CompileTask:
C2:   5086 2712       4       groovy.lang.MetaClassImpl$1MOPIter::methodNameAction (325 bytes)


---------------  P R O C E S S  ---------------

Java Threads: ( => current thread )
  0x000000001a96d800 JavaThread "Cache worker for execution history cache (C:\Users\gzp\.gradle\caches\6.1.1\executionHistory)" [_thread_blocked, id=388, stack(0x000000001fc80000,0x000000001fd80000)]
  0x000000001a972000 JavaThread "Cache worker for cache directory md-rule (C:\Users\gzp\.gradle\caches\6.1.1\md-rule)" [_thread_blocked, id=20472, stack(0x000000001fb80000,0x000000001fc80000)]
  0x000000001a971000 JavaThread "Cache worker for cache directory md-supplier (C:\Users\gzp\.gradle\caches\6.1.1\md-supplier)" [_thread_blocked, id=12120, stack(0x000000001fa80000,0x000000001fb80000)]
  0x000000001a973800 JavaThread "Cache worker for file hash cache (D:\git\tmp\fourth\twant\twant\.gradle\6.1.1\fileHashes)" [_thread_blocked, id=8588, stack(0x0000000020050000,0x0000000020150000)]
  0x000000001a96f000 JavaThread "Cache worker for checksums cache (D:\git\tmp\fourth\twant\twant\.gradle\checksums)" [_thread_blocked, id=20052, stack(0x000000001e8d0000,0x000000001e9d0000)]
  0x000000001a96c800 JavaThread "Cache worker for file hash cache (C:\Users\gzp\.gradle\caches\6.1.1\fileHashes)" [_thread_blocked, id=16040, stack(0x000000001c360000,0x000000001c460000)]
  0x000000001a970800 JavaThread "File lock request listener" [_thread_in_native, id=15252, stack(0x000000001c260000,0x000000001c360000)]
  0x000000001a98a800 JavaThread "Cache worker for journal cache (C:\Users\gzp\.gradle\caches\journal-1)" [_thread_blocked, id=10560, stack(0x000000001c160000,0x000000001c260000)]
  0x000000001a5eb800 JavaThread "Thread-9" [_thread_blocked, id=12968, stack(0x000000001be60000,0x000000001bf60000)]
  0x000000001a5eb000 JavaThread "Stdin handler" [_thread_blocked, id=19596, stack(0x000000001bd60000,0x000000001be60000)]
  0x000000001a61d000 JavaThread "Asynchronous log dispatcher for DefaultDaemonConnection: socket connection from /127.0.0.1:57427 to /127.0.0.1:57428" [_thread_blocked, id=6516, stack(0x000000001bc60000,0x000000001bd60000)]
  0x000000001a6e8000 JavaThread "Daemon worker" [_thread_in_native, id=17760, stack(0x000000001bb60000,0x000000001bc60000)]
  0x000000001a6e7000 JavaThread "Cancel handler" [_thread_blocked, id=1012, stack(0x000000001ba60000,0x000000001bb60000)]
  0x000000001a5c4000 JavaThread "Daemon periodic checks" [_thread_blocked, id=860, stack(0x000000001b960000,0x000000001ba60000)]
  0x000000001a5ad800 JavaThread "Handler for socket connection from /127.0.0.1:57427 to /127.0.0.1:57428" [_thread_in_native, id=15520, stack(0x000000001b5b0000,0x000000001b6b0000)]
  0x000000001a516000 JavaThread "Daemon" [_thread_blocked, id=14332, stack(0x000000001b4b0000,0x000000001b5b0000)]
  0x000000001a51f000 JavaThread "Incoming local TCP Connector on port 57427" [_thread_in_native, id=2040, stack(0x000000001b3b0000,0x000000001b4b0000)]
  0x000000001a4b2800 JavaThread "Daemon health stats" [_thread_blocked, id=19328, stack(0x000000001b290000,0x000000001b390000)]
  0x0000000017e7d000 JavaThread "Service Thread" daemon [_thread_blocked, id=19252, stack(0x00000000186f0000,0x00000000187f0000)]
  0x0000000016428000 JavaThread "C1 CompilerThread2" daemon [_thread_blocked, id=20192, stack(0x00000000185f0000,0x00000000186f0000)]
  0x0000000016427000 JavaThread "C2 CompilerThread1" daemon [_thread_in_native, id=12576, stack(0x00000000184f0000,0x00000000185f0000)]
=>0x0000000016423800 JavaThread "C2 CompilerThread0" daemon [_thread_in_native, id=20048, stack(0x00000000183f0000,0x00000000184f0000)]
  0x0000000017e42800 JavaThread "Attach Listener" daemon [_thread_blocked, id=20320, stack(0x00000000182f0000,0x00000000183f0000)]
  0x0000000016409800 JavaThread "Signal Dispatcher" daemon [_thread_blocked, id=10112, stack(0x00000000181f0000,0x00000000182f0000)]
  0x000000000285a800 JavaThread "Finalizer" daemon [_thread_blocked, id=19576, stack(0x0000000017c90000,0x0000000017d90000)]
  0x00000000163fb000 JavaThread "Reference Handler" daemon [_thread_blocked, id=13820, stack(0x0000000017b90000,0x0000000017c90000)]
  0x000000000275d800 JavaThread "main" [_thread_blocked, id=14224, stack(0x0000000002610000,0x0000000002710000)]

Other Threads:
  0x00000000163d7800 VMThread [stack: 0x0000000017a90000,0x0000000017b90000] [id=5624]
  0x0000000017e80000 WatcherThread [stack: 0x00000000187f0000,0x00000000188f0000] [id=1688]

VM state:not at safepoint (normal execution)

VM Mutex/Monitor currently owned by a thread: None

heap address: 0x00000000a0000000, size: 1536 MB, Compressed Oops mode: 32-bit
Narrow klass base: 0x0000000000000000, Narrow klass shift: 3
Compressed class space size: 1073741824 Address: 0x0000000100000000

Heap:
 PSYoungGen      total 126464K, used 49341K [0x00000000e0000000, 0x00000000ed880000, 0x0000000100000000)
  eden space 113664K, 43% used [0x00000000e0000000,0x00000000e302f758,0x00000000e6f00000)
  from space 12800K, 0% used [0x00000000e6f00000,0x00000000e6f00000,0x00000000e7b80000)
  to   space 12288K, 0% used [0x00000000ecc80000,0x00000000ecc80000,0x00000000ed880000)
 ParOldGen       total 132608K, used 17082K [0x00000000a0000000, 0x00000000a8180000, 0x00000000e0000000)
  object space 132608K, 12% used [0x00000000a0000000,0x00000000a10aeb60,0x00000000a8180000)
 Metaspace       used 35627K, capacity 36936K, committed 37032K, reserved 1081344K
  class space    used 4903K, capacity 5233K, committed 5288K, reserved 1048576K

Card table byte_map: [0x0000000011c20000,0x0000000011f30000] byte_map_base: 0x0000000011720000

Marking Bits: (ParMarkBitMap*) 0x000000006b2df030
 Begin Bits: [0x0000000012730000, 0x0000000013f30000)
 End Bits:   [0x0000000013f30000, 0x0000000015730000)

Polling page: 0x0000000000670000

CodeCache: size=245760Kb used=11751Kb max_used=11751Kb free=234008Kb
 bounds [0x0000000002860000, 0x00000000033e0000, 0x0000000011860000]
 total_blobs=3697 nmethods=3002 adapters=607
 compilation: enabled

Compilation events (10 events):
Event: 5.050 Thread 0x0000000016428000 3009       3       sun.reflect.AccessorGenerator::add (5 bytes)
Event: 5.050 Thread 0x0000000016428000 nmethod 3009 0x00000000033db150 code [0x00000000033db2a0, 0x00000000033db3f0]
Event: 5.050 Thread 0x0000000016428000 3010       3       sun.reflect.ByteVectorImpl::put (27 bytes)
Event: 5.050 Thread 0x0000000016428000 nmethod 3010 0x00000000033db450 code [0x00000000033db5c0, 0x00000000033db7e8]
Event: 5.050 Thread 0x0000000016428000 3011 %     3       groovy.lang.MetaClassImpl::inheritInterfaceNewMetaMethods @ 104 (199 bytes)
Event: 5.052 Thread 0x0000000016428000 nmethod 3011% 0x00000000033db910 code [0x00000000033dbc20, 0x00000000033dd608]
Event: 5.053 Thread 0x0000000016428000 3012       3       org.codehaus.groovy.ast.tools.GeneralUtils::isDefaultVisibility (13 bytes)
Event: 5.053 Thread 0x0000000016428000 nmethod 3012 0x00000000033de3d0 code [0x00000000033de520, 0x00000000033de6b0]
Event: 5.056 Thread 0x0000000016428000 3013       3       java.net.URI::match (56 bytes)
Event: 5.056 Thread 0x0000000016428000 nmethod 3013 0x00000000033de750 code [0x00000000033de8c0, 0x00000000033debd0]

GC Heap History (10 events):
Event: 3.032 GC heap before
{Heap before GC invocations=5 (full 1):
 PSYoungGen      total 76288K, used 8414K [0x00000000e0000000, 0x00000000e9500000, 0x0000000100000000)
  eden space 65536K, 0% used [0x00000000e0000000,0x00000000e0000000,0x00000000e4000000)
  from space 10752K, 78% used [0x00000000e4a80000,0x00000000e52b7a80,0x00000000e5500000)
  to   space 10752K, 0% used [0x00000000e4000000,0x00000000e4000000,0x00000000e4a80000)
 ParOldGen       total 175104K, used 1990K [0x00000000a0000000, 0x00000000aab00000, 0x00000000e0000000)
  object space 175104K, 1% used [0x00000000a0000000,0x00000000a01f1850,0x00000000aab00000)
 Metaspace       used 20533K, capacity 21230K, committed 21296K, reserved 1067008K
  class space    used 2881K, capacity 3097K, committed 3120K, reserved 1048576K
Event: 3.054 GC heap after
Heap after GC invocations=5 (full 1):
 PSYoungGen      total 76288K, used 0K [0x00000000e0000000, 0x00000000e9500000, 0x0000000100000000)
  eden space 65536K, 0% used [0x00000000e0000000,0x00000000e0000000,0x00000000e4000000)
  from space 10752K, 0% used [0x00000000e4a80000,0x00000000e4a80000,0x00000000e5500000)
  to   space 10752K, 0% used [0x00000000e4000000,0x00000000e4000000,0x00000000e4a80000)
 ParOldGen       total 91136K, used 8231K [0x00000000a0000000, 0x00000000a5900000, 0x00000000e0000000)
  object space 91136K, 9% used [0x00000000a0000000,0x00000000a0809f88,0x00000000a5900000)
 Metaspace       used 20533K, capacity 21230K, committed 21296K, reserved 1067008K
  class space    used 2881K, capacity 3097K, committed 3120K, reserved 1048576K
}
Event: 3.882 GC heap before
{Heap before GC invocations=6 (full 1):
 PSYoungGen      total 76288K, used 65536K [0x00000000e0000000, 0x00000000e9500000, 0x0000000100000000)
  eden space 65536K, 100% used [0x00000000e0000000,0x00000000e4000000,0x00000000e4000000)
  from space 10752K, 0% used [0x00000000e4a80000,0x00000000e4a80000,0x00000000e5500000)
  to   space 10752K, 0% used [0x00000000e4000000,0x00000000e4000000,0x00000000e4a80000)
 ParOldGen       total 91136K, used 8231K [0x00000000a0000000, 0x00000000a5900000, 0x00000000e0000000)
  object space 91136K, 9% used [0x00000000a0000000,0x00000000a0809f88,0x00000000a5900000)
 Metaspace       used 28131K, capacity 28880K, committed 29232K, reserved 1075200K
  class space    used 3875K, capacity 4107K, committed 4144K, reserved 1048576K
Event: 3.886 GC heap after
Heap after GC invocations=6 (full 1):
 PSYoungGen      total 76288K, used 7845K [0x00000000e0000000, 0x00000000e8880000, 0x0000000100000000)
  eden space 65536K, 0% used [0x00000000e0000000,0x00000000e0000000,0x00000000e4000000)
  from space 10752K, 72% used [0x00000000e4000000,0x00000000e47a9710,0x00000000e4a80000)
  to   space 13312K, 0% used [0x00000000e7b80000,0x00000000e7b80000,0x00000000e8880000)
 ParOldGen       total 91136K, used 8239K [0x00000000a0000000, 0x00000000a5900000, 0x00000000e0000000)
  object space 91136K, 9% used [0x00000000a0000000,0x00000000a080bf88,0x00000000a5900000)
 Metaspace       used 28131K, capacity 28880K, committed 29232K, reserved 1075200K
  class space    used 3875K, capacity 4107K, committed 4144K, reserved 1048576K
}
Event: 4.388 GC heap before
{Heap before GC invocations=7 (full 1):
 PSYoungGen      total 76288K, used 73381K [0x00000000e0000000, 0x00000000e8880000, 0x0000000100000000)
  eden space 65536K, 100% used [0x00000000e0000000,0x00000000e4000000,0x00000000e4000000)
  from space 10752K, 72% used [0x00000000e4000000,0x00000000e47a9710,0x00000000e4a80000)
  to   space 13312K, 0% used [0x00000000e7b80000,0x00000000e7b80000,0x00000000e8880000)
 ParOldGen       total 91136K, used 8239K [0x00000000a0000000, 0x00000000a5900000, 0x00000000e0000000)
  object space 91136K, 9% used [0x00000000a0000000,0x00000000a080bf88,0x00000000a5900000)
 Metaspace       used 32158K, capacity 33126K, committed 33328K, reserved 1077248K
  class space    used 4350K, capacity 4626K, committed 4656K, reserved 1048576K
Event: 4.400 GC heap after
Heap after GC invocations=7 (full 1):
 PSYoungGen      total 126464K, used 8298K [0x00000000e0000000, 0x00000000e8800000, 0x0000000100000000)
  eden space 113664K, 0% used [0x00000000e0000000,0x00000000e0000000,0x00000000e6f00000)
  from space 12800K, 64% used [0x00000000e7b80000,0x00000000e839ab28,0x00000000e8800000)
  to   space 12800K, 0% used [0x00000000e6f00000,0x00000000e6f00000,0x00000000e7b80000)
 ParOldGen       total 91136K, used 8247K [0x00000000a0000000, 0x00000000a5900000, 0x00000000e0000000)
  object space 91136K, 9% used [0x00000000a0000000,0x00000000a080df88,0x00000000a5900000)
 Metaspace       used 32158K, capacity 33126K, committed 33328K, reserved 1077248K
  class space    used 4350K, capacity 4626K, committed 4656K, reserved 1048576K
}
Event: 4.758 GC heap before
{Heap before GC invocations=8 (full 1):
 PSYoungGen      total 126464K, used 50705K [0x00000000e0000000, 0x00000000e8800000, 0x0000000100000000)
  eden space 113664K, 37% used [0x00000000e0000000,0x00000000e2969960,0x00000000e6f00000)
  from space 12800K, 64% used [0x00000000e7b80000,0x00000000e839ab28,0x00000000e8800000)
  to   space 12800K, 0% used [0x00000000e6f00000,0x00000000e6f00000,0x00000000e7b80000)
 ParOldGen       total 91136K, used 8247K [0x00000000a0000000, 0x00000000a5900000, 0x00000000e0000000)
  object space 91136K, 9% used [0x00000000a0000000,0x00000000a080df88,0x00000000a5900000)
 Metaspace       used 34356K, capacity 35386K, committed 35496K, reserved 1079296K
  class space    used 4667K, capacity 4943K, committed 5032K, reserved 1048576K
Event: 4.765 GC heap after
Heap after GC invocations=8 (full 1):
 PSYoungGen      total 126464K, used 9453K [0x00000000e0000000, 0x00000000ed880000, 0x0000000100000000)
  eden space 113664K, 0% used [0x00000000e0000000,0x00000000e0000000,0x00000000e6f00000)
  from space 12800K, 73% used [0x00000000e6f00000,0x00000000e783b488,0x00000000e7b80000)
  to   space 12288K, 0% used [0x00000000ecc80000,0x00000000ecc80000,0x00000000ed880000)
 ParOldGen       total 91136K, used 8255K [0x00000000a0000000, 0x00000000a5900000, 0x00000000e0000000)
  object space 91136K, 9% used [0x00000000a0000000,0x00000000a080ff88,0x00000000a5900000)
 Metaspace       used 34356K, capacity 35386K, committed 35496K, reserved 1079296K
  class space    used 4667K, capacity 4943K, committed 5032K, reserved 1048576K
}
Event: 4.766 GC heap before
{Heap before GC invocations=9 (full 2):
 PSYoungGen      total 126464K, used 9453K [0x00000000e0000000, 0x00000000ed880000, 0x0000000100000000)
  eden space 113664K, 0% used [0x00000000e0000000,0x00000000e0000000,0x00000000e6f00000)
  from space 12800K, 73% used [0x00000000e6f00000,0x00000000e783b488,0x00000000e7b80000)
  to   space 12288K, 0% used [0x00000000ecc80000,0x00000000ecc80000,0x00000000ed880000)
 ParOldGen       total 91136K, used 8255K [0x00000000a0000000, 0x00000000a5900000, 0x00000000e0000000)
  object space 91136K, 9% used [0x00000000a0000000,0x00000000a080ff88,0x00000000a5900000)
 Metaspace       used 34356K, capacity 35386K, committed 35496K, reserved 1079296K
  class space    used 4667K, capacity 4943K, committed 5032K, reserved 1048576K
Event: 4.801 GC heap after
Heap after GC invocations=9 (full 2):
 PSYoungGen      total 126464K, used 0K [0x00000000e0000000, 0x00000000ed880000, 0x0000000100000000)
  eden space 113664K, 0% used [0x00000000e0000000,0x00000000e0000000,0x00000000e6f00000)
  from space 12800K, 0% used [0x00000000e6f00000,0x00000000e6f00000,0x00000000e7b80000)
  to   space 12288K, 0% used [0x00000000ecc80000,0x00000000ecc80000,0x00000000ed880000)
 ParOldGen       total 132608K, used 17082K [0x00000000a0000000, 0x00000000a8180000, 0x00000000e0000000)
  object space 132608K, 12% used [0x00000000a0000000,0x00000000a10aeb60,0x00000000a8180000)
 Metaspace       used 34356K, capacity 35386K, committed 35496K, reserved 1079296K
  class space    used 4667K, capacity 4943K, committed 5032K, reserved 1048576K
}

Deoptimization events (10 events):
Event: 4.581 Thread 0x000000001a6e8000 Uncommon trap: reason=range_check action=make_not_entrant pc=0x00000000031de7f8 method=java.lang.String.charAt(I)C @ 27
Event: 4.732 Thread 0x000000001a6e8000 Uncommon trap: reason=unstable_if action=reinterpret pc=0x0000000002acb70c method=java.util.HashMap.getNode(ILjava/lang/Object;)Ljava/util/HashMap$Node; @ 53
Event: 4.732 Thread 0x000000001a6e8000 Uncommon trap: reason=unstable_if action=reinterpret pc=0x0000000002e0b178 method=java.util.HashMap.hash(Ljava/lang/Object;)I @ 1
Event: 4.808 Thread 0x000000001a6e8000 Uncommon trap: reason=unstable_if action=reinterpret pc=0x00000000032f8d24 method=org.codehaus.groovy.runtime.metaclass.MetaMethodIndex.addMethodToList(Ljava/lang/Object;Lgroovy/lang/MetaMethod;)Ljava/lang/Object; @ 226
Event: 4.838 Thread 0x000000001a6e8000 Uncommon trap: reason=unstable_if action=reinterpret pc=0x000000000315f4c0 method=org.objectweb.asm.ByteVector.putShort(I)Lorg/objectweb/asm/ByteVector; @ 13
Event: 4.839 Thread 0x000000001a6e8000 Uncommon trap: reason=unstable_if action=reinterpret pc=0x0000000002edff94 method=java.net.URLStreamHandler.sameFile(Ljava/net/URL;Ljava/net/URL;)Z @ 63
Event: 4.876 Thread 0x000000001a6e8000 Uncommon trap: reason=unstable_if action=reinterpret pc=0x0000000003335320 method=java.lang.ClassLoader.checkCerts(Ljava/lang/String;Ljava/security/CodeSource;)V @ 29
Event: 4.881 Thread 0x000000001a6e8000 Uncommon trap: reason=unstable_if action=reinterpret pc=0x0000000002ff6044 method=java.util.WeakHashMap.put(Ljava/lang/Object;Ljava/lang/Object;)Ljava/lang/Object; @ 59
Event: 4.900 Thread 0x000000001a6e8000 Uncommon trap: reason=unstable_if action=reinterpret pc=0x0000000003173a70 method=org.gradle.internal.reflect.PropertyAccessorType.isGetGetterName(Ljava/lang/String;)Z @ 14
Event: 5.054 Thread 0x000000001a6e8000 Uncommon trap: reason=unstable_if action=reinterpret pc=0x0000000002e9a9a0 method=java.net.URI.match(CJJ)Z @ 45

Classes redefined (0 events):
No events

Internal exceptions (10 events):
Event: 5.022 Thread 0x000000001a6e8000 Exception <a 'java/lang/ClassNotFoundException': org/gradle/api/internal/artifacts/repositories/AbstractResolutionAwareArtifactRepositoryCustomizer> (0x00000000e25e79a0) thrown at [C:\src\AOSP-openjdk-git\hotspot\src\share\vm\classfile\systemDictionary.cp
Event: 5.023 Thread 0x000000001a6e8000 Exception <a 'java/lang/ClassNotFoundException': org/gradle/api/internal/artifacts/repositories/AbstractAuthenticationSupportedRepositoryCustomizer> (0x00000000e2659678) thrown at [C:\src\AOSP-openjdk-git\hotspot\src\share\vm\classfile\systemDictionary.cp
Event: 5.024 Thread 0x000000001a6e8000 Exception <a 'java/lang/ClassNotFoundException': org/gradle/api/internal/artifacts/repositories/DefaultMavenArtifactRepositoryCustomizer> (0x00000000e26ce6c8) thrown at [C:\src\AOSP-openjdk-git\hotspot\src\share\vm\classfile\systemDictionary.cpp, line 210
Event: 5.025 Thread 0x000000001a6e8000 Exception <a 'java/lang/ClassNotFoundException': org/gradle/api/internal/artifacts/repositories/DefaultMavenArtifactRepository_DecoratedCustomizer> (0x00000000e2752e20) thrown at [C:\src\AOSP-openjdk-git\hotspot\src\share\vm\classfile\systemDictionary.cpp
Event: 5.046 Thread 0x000000001a6e8000 Exception <a 'java/lang/ClassNotFoundException': groovy/lang/GString$1BeanInfo> (0x00000000e29bfca8) thrown at [C:\src\AOSP-openjdk-git\hotspot\src\share\vm\classfile\systemDictionary.cpp, line 210]
Event: 5.047 Thread 0x000000001a6e8000 Exception <a 'java/lang/ClassNotFoundException': groovy/lang/GStringBeanInfo> (0x00000000e29e1c70) thrown at [C:\src\AOSP-openjdk-git\hotspot\src\share\vm\classfile\systemDictionary.cpp, line 210]
Event: 5.047 Thread 0x000000001a6e8000 Exception <a 'java/lang/ClassNotFoundException': groovy/lang/GStringCustomizer> (0x00000000e2a04808) thrown at [C:\src\AOSP-openjdk-git\hotspot\src\share\vm\classfile\systemDictionary.cpp, line 210]
Event: 5.049 Thread 0x000000001a6e8000 Exception <a 'java/lang/ClassNotFoundException': groovy/lang/GString$1Customizer> (0x00000000e2a337c0) thrown at [C:\src\AOSP-openjdk-git\hotspot\src\share\vm\classfile\systemDictionary.cpp, line 210]
Event: 5.052 Thread 0x000000001a6e8000 Exception <a 'java/lang/ClassNotFoundException': org/codehaus/groovy/runtime/GStringImplBeanInfo> (0x00000000e2ae64f0) thrown at [C:\src\AOSP-openjdk-git\hotspot\src\share\vm\classfile\systemDictionary.cpp, line 210]
Event: 5.052 Thread 0x000000001a6e8000 Exception <a 'java/lang/ClassNotFoundException': org/codehaus/groovy/runtime/GStringImplCustomizer> (0x00000000e2b135d8) thrown at [C:\src\AOSP-openjdk-git\hotspot\src\share\vm\classfile\systemDictionary.cpp, line 210]

Events (10 events):
Event: 5.073 loading class org/apache/http/client/methods/Configurable
Event: 5.073 loading class org/apache/http/client/methods/Configurable done
Event: 5.074 loading class org/apache/http/client/methods/AbstractExecutionAwareRequest
Event: 5.074 loading class org/apache/http/client/methods/AbstractExecutionAwareRequest done
Event: 5.074 loading class org/apache/http/client/methods/HttpExecutionAware
Event: 5.074 loading class org/apache/http/client/methods/HttpExecutionAware done
Event: 5.075 loading class org/apache/http/client/methods/AbortableHttpRequest
Event: 5.075 loading class org/apache/http/client/methods/AbortableHttpRequest done
Event: 5.075 loading class org/apache/http/message/AbstractHttpMessage
Event: 5.075 loading class org/apache/http/message/AbstractHttpMessage done


Dynamic libraries:
0x00007ff7cbbb0000 - 0x00007ff7cbbe1000 	D:\work ware\jre\bin\java.exe
0x00007ffca83c0000 - 0x00007ffca85b0000 	C:\WINDOWS\SYSTEM32\ntdll.dll
0x00007ffca6dc0000 - 0x00007ffca6e72000 	C:\WINDOWS\System32\KERNEL32.DLL
0x00007ffca5fc0000 - 0x00007ffca6264000 	C:\WINDOWS\System32\KERNELBASE.dll
0x00007ffca3500000 - 0x00007ffca358f000 	C:\WINDOWS\SYSTEM32\apphelp.dll
0x00007ffca70d0000 - 0x00007ffca7173000 	C:\WINDOWS\System32\ADVAPI32.dll
0x00007ffca6be0000 - 0x00007ffca6c7e000 	C:\WINDOWS\System32\msvcrt.dll
0x00007ffca73f0000 - 0x00007ffca7487000 	C:\WINDOWS\System32\sechost.dll
0x00007ffca81e0000 - 0x00007ffca8300000 	C:\WINDOWS\System32\RPCRT4.dll
0x00007ffca6e80000 - 0x00007ffca7014000 	C:\WINDOWS\System32\USER32.dll
0x00007ffca5b80000 - 0x00007ffca5ba1000 	C:\WINDOWS\System32\win32u.dll
0x00007ffca7c80000 - 0x00007ffca7ca6000 	C:\WINDOWS\System32\GDI32.dll
0x00007ffca5dc0000 - 0x00007ffca5f55000 	C:\WINDOWS\System32\gdi32full.dll
0x00007ffca5d20000 - 0x00007ffca5dbe000 	C:\WINDOWS\System32\msvcp_win.dll
0x00007ffca6370000 - 0x00007ffca646a000 	C:\WINDOWS\System32\ucrtbase.dll
0x00007ffc99d00000 - 0x00007ffc99f84000 	C:\WINDOWS\WinSxS\amd64_microsoft.windows.common-controls_6595b64144ccf1df_6.0.18362.900_none_e6beb9d913147d17\COMCTL32.dll
0x00007ffca7d10000 - 0x00007ffca8045000 	C:\WINDOWS\System32\combase.dll
0x00007ffca5350000 - 0x00007ffca53d0000 	C:\WINDOWS\System32\bcryptPrimitives.dll
0x00007ffca81b0000 - 0x00007ffca81de000 	C:\WINDOWS\System32\IMM32.DLL
0x000000006a0a0000 - 0x000000006a172000 	D:\work ware\jre\jre\bin\msvcr100.dll
0x000000006ab10000 - 0x000000006b35b000 	D:\work ware\jre\jre\bin\server\jvm.dll
0x00007ffca7ab0000 - 0x00007ffca7ab8000 	C:\WINDOWS\System32\PSAPI.DLL
0x00007ffc9da10000 - 0x00007ffc9da1a000 	C:\WINDOWS\SYSTEM32\VERSION.dll
0x00007ffc9a850000 - 0x00007ffc9a874000 	C:\WINDOWS\SYSTEM32\WINMM.dll
0x00007ffc9f770000 - 0x00007ffc9f779000 	C:\WINDOWS\SYSTEM32\WSOCK32.dll
0x00007ffca8140000 - 0x00007ffca81af000 	C:\WINDOWS\System32\WS2_32.dll
0x00007ffc9a780000 - 0x00007ffc9a7ad000 	C:\WINDOWS\SYSTEM32\winmmbase.dll
0x00007ffca6270000 - 0x00007ffca62ba000 	C:\WINDOWS\System32\cfgmgr32.dll
0x00007ffc98f50000 - 0x00007ffc98f5f000 	D:\work ware\jre\jre\bin\verify.dll
0x00007ffc98f20000 - 0x00007ffc98f49000 	D:\work ware\jre\jre\bin\java.dll
0x00007ffc98f00000 - 0x00007ffc98f16000 	D:\work ware\jre\jre\bin\zip.dll
0x00007ffca64f0000 - 0x00007ffca6bd6000 	C:\WINDOWS\System32\SHELL32.dll
0x00007ffca7020000 - 0x00007ffca70c9000 	C:\WINDOWS\System32\shcore.dll
0x00007ffca53d0000 - 0x00007ffca5b50000 	C:\WINDOWS\System32\windows.storage.dll
0x00007ffca5320000 - 0x00007ffca5343000 	C:\WINDOWS\System32\profapi.dll
0x00007ffca52b0000 - 0x00007ffca52fa000 	C:\WINDOWS\System32\powrprof.dll
0x00007ffca5280000 - 0x00007ffca5290000 	C:\WINDOWS\System32\UMPDC.dll
0x00007ffca7a50000 - 0x00007ffca7aa2000 	C:\WINDOWS\System32\shlwapi.dll
0x00007ffca5290000 - 0x00007ffca52a1000 	C:\WINDOWS\System32\kernel.appcore.dll
0x00007ffca5d00000 - 0x00007ffca5d17000 	C:\WINDOWS\System32\cryptsp.dll
0x00007ffc98ee0000 - 0x00007ffc98efa000 	D:\work ware\jre\jre\bin\net.dll
0x00007ffca4aa0000 - 0x00007ffca4b07000 	C:\WINDOWS\system32\mswsock.dll
0x00007ffc98c80000 - 0x00007ffc98c93000 	D:\work ware\jre\jre\bin\nio.dll
0x00007ffc5dac0000 - 0x00007ffc5dae6000 	C:\Users\gzp\.gradle\native\31\windows-amd64\native-platform.dll
0x00007ffc98c70000 - 0x00007ffc98c7d000 	D:\work ware\jre\jre\bin\management.dll
0x00007ffca45c0000 - 0x00007ffca45f3000 	C:\WINDOWS\system32\rsaenh.dll
0x00007ffca5b50000 - 0x00007ffca5b76000 	C:\WINDOWS\System32\bcrypt.dll
0x00007ffca51a0000 - 0x00007ffca51c5000 	C:\WINDOWS\SYSTEM32\USERENV.dll
0x00007ffca4c20000 - 0x00007ffca4c2c000 	C:\WINDOWS\SYSTEM32\CRYPTBASE.dll
0x00007ffca4760000 - 0x00007ffca479a000 	C:\WINDOWS\SYSTEM32\IPHLPAPI.DLL
0x00007ffca7ac0000 - 0x00007ffca7ac8000 	C:\WINDOWS\System32\NSI.dll
0x00007ffca1d90000 - 0x00007ffca1da6000 	C:\WINDOWS\SYSTEM32\dhcpcsvc6.DLL
0x00007ffca1d70000 - 0x00007ffca1d8c000 	C:\WINDOWS\SYSTEM32\dhcpcsvc.DLL
0x00007ffca4800000 - 0x00007ffca48cb000 	C:\WINDOWS\SYSTEM32\DNSAPI.dll

VM Arguments:
jvm_args: -Xmx1536m -Dfile.encoding=GBK -Duser.country=CN -Duser.language=zh -Duser.variant 
java_command: org.gradle.launcher.daemon.bootstrap.GradleDaemon 6.1.1
java_class_path (initial): C:\Users\gzp\.gradle\wrapper\dists\gradle-6.1.1-all\cfmwm155h49vnt3hynmlrsdst\gradle-6.1.1\lib\gradle-launcher-6.1.1.jar
Launcher Type: SUN_STANDARD

Environment Variables:
JAVA_HOME=C:\Program Files\Java\jdk1.8.0_241
CLASSPATH=.;C:\Program Files\Java\jdk1.8.0_241\lib;C:\Program Files\Java\jdk1.8.0_241\lib\dt.jar;C:\Program Files\Java\jdk1.8.0_241\lib\tools.jar
PATH=C:\Program Files (x86)\Common Files\NetSarang;C:\Program Files (x86)\Common Files\Oracle\Java\javapath;C:\WINDOWS\system32;C:\WINDOWS;C:\WINDOWS\System32\Wbem;C:\WINDOWS\System32\WindowsPowerShell\v1.0\;C:\WINDOWS\System32\OpenSSH\;D:\Git\cmd;D:\go\bin;C:\Program Files\Java\jdk1.8.0_241\bin;C:\Program Files\Java\jdk1.8.0_241\jre\bin;;C:\Program Files\Docker\Docker\resources\bin;C:\ProgramData\DockerDesktop\version-bin;C:\Users\gzp\AppData\Local\Microsoft\WindowsApps;D:\work ware\Microsoft VS Code\bin;D:\flutterSDK\flutter\bin;C:\Users\gzp\go\bin;C:\Program Files\Java\jdk1.8.0_241\bin;C:\Program Files\Java\jdk1.8.0_241\jre\bin;
USERNAME=gzp
OS=Windows_NT
PROCESSOR_IDENTIFIER=Intel64 Family 6 Model 158 Stepping 10, GenuineIntel



---------------  S Y S T E M  ---------------

OS: Windows 10.0 , 64 bit Build 18362 (10.0.18362.900)

CPU:total 6 (initial active 6) (6 cores per cpu, 1 threads per core) family 6 model 158 stepping 10, cmov, cx8, fxsr, mmx, sse, sse2, sse3, ssse3, sse4.1, sse4.2, popcnt, avx, avx2, aes, clmul, erms, 3dnowpref, lzcnt, tsc, tscinvbit, bmi1, bmi2, adx

Memory: 4k page, physical 16718868k(3193936k free), swap 28703820k(6236k free)

vm_info: OpenJDK 64-Bit Server VM (25.242-b01) for windows-amd64 JRE (1.8.0_242-release-1644-b01), built by "builder" with MS VC++ 10.0 (VS2010)

time: Wed Jun 17 11:44:35 2020
timezone: 中国标准时间
elapsed time: 5 seconds (0d 0h 0m 5s)

