#
# There is insufficient memory for the Java Runtime Environment to continue.
# Native memory allocation (malloc) failed to allocate 1909136 bytes for Chunk::new
# Possible reasons:
#   The system is out of physical RAM or swap space
#   The process is running with CompressedOops enabled, and the Java Heap may be blocking the growth of the native heap
# Possible solutions:
#   Reduce memory load on the system
#   Increase physical memory or swap space
#   Check if swap backing store is full
#   Decrease Java heap size (-Xmx/-Xms)
#   Decrease number of Java threads
#   Decrease Java thread stack sizes (-Xss)
#   Set larger code cache with -XX:ReservedCodeCacheSize=
#   JVM is running with Unscaled Compressed Oops mode in which the Java heap is
#     placed in the first 4GB address space. The Java Heap base address is the
#     maximum limit for the native heap growth. Please use -XX:HeapBaseMinAddress
#     to set the Java Heap base and to place the Java Heap above 4GB virtual address.
# This output file may be truncated or incomplete.
#
#  Out of Memory Error (allocation.cpp:389), pid=2828, tid=0x00000000000023e4
#
# JRE version: OpenJDK Runtime Environment (8.0_212-b04) (build 1.8.0_212-release-1586-b04)
# Java VM: OpenJDK 64-Bit Server VM (25.212-b04 mixed mode windows-amd64 compressed oops)
# Failed to write core dump. Minidumps are not enabled by default on client versions of Windows
#

---------------  T H R E A D  ---------------

Current thread (0x00000000166f6000):  JavaThread "C2 CompilerThread1" daemon [_thread_in_native, id=9188, stack(0x00000000187b0000,0x00000000188b0000)]

Stack: [0x00000000187b0000,0x00000000188b0000]
[error occurred during error reporting (printing stack bounds), id 0xc0000005]

Native frames: (J=compiled Java code, j=interpreted, Vv=VM code, C=native code)


Current CompileTask:
C2:3794770 28838 % !   4       com.android.tools.r8.dex.m::b @ 460 (2743 bytes)


---------------  P R O C E S S  ---------------

Java Threads: ( => current thread )
  0x000000001f722000 JavaThread "ForkJoinPool.commonPool-worker-5" daemon [_thread_blocked, id=12688, stack(0x0000000038a30000,0x0000000038b30000)]
  0x000000001f71f800 JavaThread "ForkJoinPool.commonPool-worker-4" daemon [_thread_blocked, id=4324, stack(0x00000000386d0000,0x00000000387d0000)]
  0x00000000182be800 JavaThread "WorkerExecutor Queue Thread 8" [_thread_blocked, id=1704, stack(0x00000000292a0000,0x00000000293a0000)]
  0x00000000182bc800 JavaThread "WorkerExecutor Queue Thread 6" [_thread_blocked, id=26304, stack(0x0000000038250000,0x0000000038350000)]
  0x00000000182b3800 JavaThread "WorkerExecutor Queue Thread 5" [_thread_blocked, id=30784, stack(0x0000000038150000,0x0000000038250000)]
  0x00000000182b5000 JavaThread "WorkerExecutor Queue Thread 4" [_thread_blocked, id=26848, stack(0x0000000038050000,0x0000000038150000)]
  0x00000000182b7000 JavaThread "WorkerExecutor Queue Thread 2" [_thread_blocked, id=33432, stack(0x0000000029ca0000,0x0000000029da0000)]
  0x000000001f721000 JavaThread "WorkerExecutor Queue" [_thread_blocked, id=18052, stack(0x0000000029ba0000,0x0000000029ca0000)]
  0x000000001f720800 JavaThread "ForkJoinPool.commonPool-worker-2" daemon [_thread_blocked, id=30960, stack(0x00000000290a0000,0x00000000291a0000)]
  0x000000001f725000 JavaThread "ForkJoinPool.commonPool-worker-1" daemon [_thread_blocked, id=33804, stack(0x0000000028fa0000,0x00000000290a0000)]
  0x000000001f71d800 JavaThread "ForkJoinPool.commonPool-worker-0" daemon [_thread_blocked, id=17224, stack(0x0000000028ea0000,0x0000000028fa0000)]
  0x000000001f71c000 JavaThread "Cache worker for Java compile cache (D:\git\tmp\fourth\twant\twant\.gradle\5.6.4\javaCompile)" [_thread_blocked, id=10756, stack(0x0000000028da0000,0x0000000028ea0000)]
  0x00000000213c5000 JavaThread "RMI TCP Connection(idle)" daemon [_thread_blocked, id=34500, stack(0x0000000028ca0000,0x0000000028da0000)]
  0x00000000213c3800 JavaThread "Cache worker for execution history cache (D:\git\tmp\fourth\twant\twant\.gradle\5.6.4\executionHistory)" [_thread_blocked, id=7236, stack(0x0000000027870000,0x0000000027970000)]
  0x00000000213c3000 JavaThread "Execution worker for ':' Thread 5" [_thread_blocked, id=20092, stack(0x0000000027770000,0x0000000027870000)]
  0x00000000213c6000 JavaThread "Execution worker for ':' Thread 4" [_thread_blocked, id=30412, stack(0x0000000027270000,0x0000000027370000)]
  0x00000000213c2000 JavaThread "Execution worker for ':' Thread 3" [_thread_blocked, id=29176, stack(0x0000000026970000,0x0000000026a70000)]
  0x00000000213ba800 JavaThread "Execution worker for ':' Thread 2" [_thread_blocked, id=5928, stack(0x0000000026770000,0x0000000026870000)]
  0x00000000213c1800 JavaThread "Execution worker for ':'" [_thread_in_Java, id=12868, stack(0x0000000026170000,0x0000000026270000)]
  0x00000000213c0000 JavaThread "Cache worker for file content cache (D:\git\tmp\fourth\twant\twant\.gradle\5.6.4\fileContent)" [_thread_blocked, id=29008, stack(0x0000000024c80000,0x0000000024d80000)]
  0x00000000213b9000 JavaThread "Cache worker for Build Output Cleanup Cache (D:\git\tmp\fourth\twant\twant\.gradle\buildOutputCleanup)" [_thread_blocked, id=18796, stack(0x00000000241a0000,0x00000000242a0000)]
  0x00000000213be800 JavaThread "pool-7-thread-1" [_thread_blocked, id=34748, stack(0x00000000240a0000,0x00000000241a0000)]
  0x00000000213bd800 JavaThread "Build operations Thread 6" [_thread_blocked, id=19244, stack(0x00000000221c0000,0x00000000222c0000)]
  0x00000000213bc000 JavaThread "Build operations Thread 5" [_thread_blocked, id=10948, stack(0x00000000220c0000,0x00000000221c0000)]
  0x00000000213b8800 JavaThread "Build operations Thread 4" [_thread_blocked, id=32632, stack(0x0000000021fc0000,0x00000000220c0000)]
  0x00000000213ba000 JavaThread "Build operations Thread 3" [_thread_blocked, id=5828, stack(0x0000000021c00000,0x0000000021d00000)]
  0x00000000213bf000 JavaThread "Build operations Thread 2" [_thread_blocked, id=34588, stack(0x0000000021b00000,0x0000000021c00000)]
  0x00000000213bd000 JavaThread "Build operations" [_thread_blocked, id=252, stack(0x0000000021a00000,0x0000000021b00000)]
  0x000000001fe57800 JavaThread "Cache worker for cache directory md-rule (C:\Users\gzp\.gradle\caches\5.6.4\md-rule)" [_thread_blocked, id=17824, stack(0x0000000020830000,0x0000000020930000)]
  0x000000001fe56800 JavaThread "Cache worker for cache directory md-supplier (C:\Users\gzp\.gradle\caches\5.6.4\md-supplier)" [_thread_blocked, id=22268, stack(0x0000000020730000,0x0000000020830000)]
  0x000000001fe58000 JavaThread "Cache worker for file hash cache (D:\git\tmp\fourth\twant\twant\.gradle\5.6.4\fileHashes)" [_thread_blocked, id=18916, stack(0x000000001d7f0000,0x000000001d8f0000)]
  0x000000001fe54800 JavaThread "Thread-94" [_thread_blocked, id=14616, stack(0x000000001c120000,0x000000001c220000)]
  0x000000001fe56000 JavaThread "Stdin handler" [_thread_blocked, id=32008, stack(0x000000001be20000,0x000000001bf20000)]
  0x000000001fe4d000 JavaThread "Asynchronous log dispatcher for DefaultDaemonConnection: socket connection from /127.0.0.1:51787 to /127.0.0.1:53844" [_thread_blocked, id=21264, stack(0x000000001bd20000,0x000000001be20000)]
  0x000000001fe53800 JavaThread "Daemon worker Thread 4" [_thread_blocked, id=29280, stack(0x000000001ba20000,0x000000001bb20000)]
  0x000000001fe4b800 JavaThread "Cancel handler" [_thread_blocked, id=33388, stack(0x000000001b920000,0x000000001ba20000)]
  0x000000001fe51800 JavaThread "Handler for socket connection from /127.0.0.1:51787 to /127.0.0.1:53844" [_thread_in_native, id=34164, stack(0x0000000000c10000,0x0000000000d10000)]
  0x000000001fe4a000 JavaThread "Daemon Thread 4" [_thread_blocked, id=29200, stack(0x0000000000b10000,0x0000000000c10000)]
  0x00000000213b7800 JavaThread "RMI RenewClean-[127.0.0.1:17850,org.jetbrains.kotlin.daemon.common.LoopbackNetworkInterface$ClientLoopbackSocketFactory@1b70e4ac]" daemon [_thread_blocked, id=11712, stack(0x00000000291a0000,0x00000000292a0000)]
  0x00000000182b4000 JavaThread "Cache worker for Java compile cache (C:\Users\gzp\.gradle\caches\5.6.4\javaCompile)" [_thread_blocked, id=14672, stack(0x0000000026870000,0x0000000026970000)]
  0x00000000182bb000 JavaThread "RMI Reaper" [_thread_blocked, id=27836, stack(0x0000000026670000,0x0000000026770000)]
  0x00000000182ba000 JavaThread "RMI TCP Accept-0" daemon [_thread_in_native, id=13628, stack(0x0000000026570000,0x0000000026670000)]
  0x00000000182b5800 JavaThread "GC Daemon" daemon [_thread_blocked, id=30836, stack(0x0000000026270000,0x0000000026370000)]
  0x00000000182b8800 JavaThread "RMI Scheduler(0)" daemon [_thread_blocked, id=13612, stack(0x0000000024b80000,0x0000000024c80000)]
  0x000000001f718000 JavaThread "Cache worker for file content cache (C:\Users\gzp\.gradle\caches\5.6.4\fileContent)" [_thread_blocked, id=25944, stack(0x0000000023660000,0x0000000023760000)]
  0x000000001f71f000 JavaThread "Memory manager" [_thread_blocked, id=16596, stack(0x0000000022d50000,0x0000000022e50000)]
  0x000000001f71a800 JavaThread "Cache worker for execution history cache (C:\Users\gzp\.gradle\caches\5.6.4\executionHistory)" [_thread_blocked, id=8216, stack(0x0000000020930000,0x0000000020a30000)]
  0x000000001a86d000 JavaThread "Cache worker for journal cache (C:\Users\gzp\.gradle\caches\journal-1)" [_thread_blocked, id=28772, stack(0x000000001c720000,0x000000001c820000)]
  0x000000001a872000 JavaThread "File lock request listener" [_thread_in_native, id=15412, stack(0x000000001c620000,0x000000001c720000)]
  0x000000001a871800 JavaThread "Cache worker for file hash cache (C:\Users\gzp\.gradle\caches\5.6.4\fileHashes)" [_thread_blocked, id=3700, stack(0x000000001c420000,0x000000001c520000)]
  0x000000001a64a000 JavaThread "Daemon periodic checks" [_thread_blocked, id=30400, stack(0x000000001b820000,0x000000001b920000)]
  0x000000001a637000 JavaThread "Incoming local TCP Connector on port 51787" [_thread_in_native, id=3048, stack(0x000000001b670000,0x000000001b770000)]
  0x000000001a5e1800 JavaThread "Daemon health stats" [_thread_blocked, id=12052, stack(0x000000001b350000,0x000000001b450000)]
  0x00000000166fe800 JavaThread "Service Thread" daemon [_thread_blocked, id=15196, stack(0x00000000189b0000,0x0000000018ab0000)]
  0x00000000166f8800 JavaThread "C1 CompilerThread2" daemon [_thread_blocked, id=32416, stack(0x00000000188b0000,0x00000000189b0000)]
=>0x00000000166f6000 JavaThread "C2 CompilerThread1" daemon [_thread_in_native, id=9188, stack(0x00000000187b0000,0x00000000188b0000)]
  0x00000000166f3000 JavaThread "C2 CompilerThread0" daemon [_thread_blocked, id=30780, stack(0x00000000186b0000,0x00000000187b0000)]
  0x0000000018102800 JavaThread "Attach Listener" daemon [_thread_blocked, id=2092, stack(0x00000000185b0000,0x00000000186b0000)]
  0x00000000166d9800 JavaThread "Signal Dispatcher" daemon [_thread_blocked, id=34312, stack(0x00000000184b0000,0x00000000185b0000)]
  0x0000000002b0a800 JavaThread "Finalizer" daemon [_thread_blocked, id=2508, stack(0x0000000017f50000,0x0000000018050000)]
  0x00000000166cb000 JavaThread "Reference Handler" daemon [_thread_blocked, id=20120, stack(0x0000000017e50000,0x0000000017f50000)]
  0x00000000028cd800 JavaThread "main" [_thread_blocked, id=27108, stack(0x0000000002910000,0x0000000002a10000)]

Other Threads:
  0x00000000166a7800 VMThread [stack: 0x0000000017d50000,0x0000000017e50000] [id=13456]
  0x0000000018180000 WatcherThread [stack: 0x0000000018ab0000,0x0000000018bb0000] [id=5216]

VM state:not at safepoint (normal execution)

VM Mutex/Monitor currently owned by a thread: None

OutOfMemory and StackOverflow Exception counts:
OutOfMemoryError java_heap_errors=5

heap address: 0x00000000a0000000, size: 1536 MB, Compressed Oops mode: 32-bit
Narrow klass base: 0x0000000000000000, Narrow klass shift: 3
Compressed class space size: 1073741824 Address: 0x0000000100000000

Heap:
 PSYoungGen      total 399360K, used 268324K [0x00000000e0000000, 0x00000000ffc80000, 0x0000000100000000)
  eden space 283648K, 93% used [0x00000000e0000000,0x00000000f02692e0,0x00000000f1500000)
  from space 115712K, 3% used [0x00000000f1500000,0x00000000f189ff20,0x00000000f8600000)
  to   space 112128K, 0% used [0x00000000f8f00000,0x00000000f8f00000,0x00000000ffc80000)
 ParOldGen       total 509952K, used 279430K [0x00000000a0000000, 0x00000000bf200000, 0x00000000e0000000)
  object space 509952K, 54% used [0x00000000a0000000,0x00000000b10e1938,0x00000000bf200000)
 Metaspace       used 111747K, capacity 117034K, committed 117120K, reserved 1150976K
  class space    used 14142K, capacity 15226K, committed 15232K, reserved 1048576K

Card table byte_map: [0x0000000011ed0000,0x00000000121e0000] byte_map_base: 0x00000000119d0000

Marking Bits: (ParMarkBitMap*) 0x0000000059be9f30
 Begin Bits: [0x00000000129e0000, 0x00000000141e0000)
 End Bits:   [0x00000000141e0000, 0x00000000159e0000)

Polling page: 0x00000000005f0000

CodeCache: size=245760Kb used=80513Kb max_used=80529Kb free=165247Kb
 bounds [0x0000000002b10000, 0x0000000007a40000, 0x0000000011b10000]
 total_blobs=22769 nmethods=21822 adapters=856
 compilation: enabled

Compilation events (10 events):
Event: 3794.520 Thread 0x00000000166f3000 28899   !   4       sun.nio.ch.IOUtil::read (93 bytes)
Event: 3794.534 Thread 0x00000000166f3000 nmethod 28899 0x0000000005140290 code [0x00000000051404c0, 0x0000000005141360]
Event: 3794.534 Thread 0x00000000166f3000 28867       4       com.android.tools.r8.dex.m::a (119 bytes)
Event: 3794.541 Thread 0x00000000166f8800 28919       3       java.security.MessageDigestSpi::engineUpdate (141 bytes)
Event: 3794.542 Thread 0x00000000166f8800 nmethod 28919 0x000000000513e750 code [0x000000000513e9c0, 0x000000000513fc58]
Event: 3794.553 Thread 0x00000000166f3000 nmethod 28867 0x0000000005923010 code [0x00000000059232e0, 0x0000000005924ca0]
Event: 3794.553 Thread 0x00000000166f3000 28768       4       java.util.IdentityHashMap$KeySet::<init> (6 bytes)
Event: 3794.553 Thread 0x00000000166f3000 nmethod 28768 0x00000000036179d0 code [0x0000000003617b00, 0x0000000003617b78]
Event: 3794.553 Thread 0x00000000166f3000 28769       4       java.util.IdentityHashMap$KeySet::<init> (10 bytes)
Event: 3794.553 Thread 0x00000000166f3000 nmethod 28769 0x00000000042a7750 code [0x00000000042a7880, 0x00000000042a78f8]

GC Heap History (10 events):
Event: 3789.037 GC heap before
{Heap before GC invocations=33 (full 6):
 PSYoungGen      total 380416K, used 295576K [0x00000000e0000000, 0x00000000ff380000, 0x0000000100000000)
  eden space 264704K, 100% used [0x00000000e0000000,0x00000000f0280000,0x00000000f0280000)
  from space 115712K, 26% used [0x00000000f8280000,0x00000000fa0a6168,0x00000000ff380000)
  to   space 123392K, 0% used [0x00000000f0280000,0x00000000f0280000,0x00000000f7b00000)
 ParOldGen       total 509952K, used 263385K [0x00000000a0000000, 0x00000000bf200000, 0x00000000e0000000)
  object space 509952K, 51% used [0x00000000a0000000,0x00000000b01367a0,0x00000000bf200000)
 Metaspace       used 111329K, capacity 116526K, committed 116608K, reserved 1150976K
  class space    used 14100K, capacity 15156K, committed 15232K, reserved 1048576K
Event: 3789.044 GC heap after
Heap after GC invocations=33 (full 6):
 PSYoungGen      total 388096K, used 2912K [0x00000000e0000000, 0x0000000100000000, 0x0000000100000000)
  eden space 264704K, 0% used [0x00000000e0000000,0x00000000e0000000,0x00000000f0280000)
  from space 123392K, 2% used [0x00000000f0280000,0x00000000f0558040,0x00000000f7b00000)
  to   space 122880K, 0% used [0x00000000f8800000,0x00000000f8800000,0x0000000100000000)
 ParOldGen       total 509952K, used 272872K [0x00000000a0000000, 0x00000000bf200000, 0x00000000e0000000)
  object space 509952K, 53% used [0x00000000a0000000,0x00000000b0a7a0a8,0x00000000bf200000)
 Metaspace       used 111329K, capacity 116526K, committed 116608K, reserved 1150976K
  class space    used 14100K, capacity 15156K, committed 15232K, reserved 1048576K
}
Event: 3789.662 GC heap before
{Heap before GC invocations=34 (full 6):
 PSYoungGen      total 388096K, used 267615K [0x00000000e0000000, 0x0000000100000000, 0x0000000100000000)
  eden space 264704K, 99% used [0x00000000e0000000,0x00000000f027fc38,0x00000000f0280000)
  from space 123392K, 2% used [0x00000000f0280000,0x00000000f0558040,0x00000000f7b00000)
  to   space 122880K, 0% used [0x00000000f8800000,0x00000000f8800000,0x0000000100000000)
 ParOldGen       total 509952K, used 272872K [0x00000000a0000000, 0x00000000bf200000, 0x00000000e0000000)
  object space 509952K, 53% used [0x00000000a0000000,0x00000000b0a7a0a8,0x00000000bf200000)
 Metaspace       used 111462K, capacity 116612K, committed 116864K, reserved 1150976K
  class space    used 14114K, capacity 15159K, committed 15232K, reserved 1048576K
Event: 3789.670 GC heap after
Heap after GC invocations=34 (full 6):
 PSYoungGen      total 397312K, used 2784K [0x00000000e0000000, 0x00000000ffc80000, 0x0000000100000000)
  eden space 278016K, 0% used [0x00000000e0000000,0x00000000e0000000,0x00000000f0f80000)
  from space 119296K, 2% used [0x00000000f8800000,0x00000000f8ab8010,0x00000000ffc80000)
  to   space 121344K, 0% used [0x00000000f0f80000,0x00000000f0f80000,0x00000000f8600000)
 ParOldGen       total 509952K, used 273972K [0x00000000a0000000, 0x00000000bf200000, 0x00000000e0000000)
  object space 509952K, 53% used [0x00000000a0000000,0x00000000b0b8d0e8,0x00000000bf200000)
 Metaspace       used 111462K, capacity 116612K, committed 116864K, reserved 1150976K
  class space    used 14114K, capacity 15159K, committed 15232K, reserved 1048576K
}
Event: 3790.253 GC heap before
{Heap before GC invocations=35 (full 6):
 PSYoungGen      total 397312K, used 280800K [0x00000000e0000000, 0x00000000ffc80000, 0x0000000100000000)
  eden space 278016K, 100% used [0x00000000e0000000,0x00000000f0f80000,0x00000000f0f80000)
  from space 119296K, 2% used [0x00000000f8800000,0x00000000f8ab8010,0x00000000ffc80000)
  to   space 121344K, 0% used [0x00000000f0f80000,0x00000000f0f80000,0x00000000f8600000)
 ParOldGen       total 509952K, used 273972K [0x00000000a0000000, 0x00000000bf200000, 0x00000000e0000000)
  object space 509952K, 53% used [0x00000000a0000000,0x00000000b0b8d0e8,0x00000000bf200000)
 Metaspace       used 111511K, capacity 116714K, committed 116864K, reserved 1150976K
  class space    used 14120K, capacity 15166K, committed 15232K, reserved 1048576K
Event: 3790.261 GC heap after
Heap after GC invocations=35 (full 6):
 PSYoungGen      total 399360K, used 2208K [0x00000000e0000000, 0x00000000ffe00000, 0x0000000100000000)
  eden space 278016K, 0% used [0x00000000e0000000,0x00000000e0000000,0x00000000f0f80000)
  from space 121344K, 1% used [0x00000000f0f80000,0x00000000f11a8000,0x00000000f8600000)
  to   space 119296K, 0% used [0x00000000f8980000,0x00000000f8980000,0x00000000ffe00000)
 ParOldGen       total 509952K, used 275961K [0x00000000a0000000, 0x00000000bf200000, 0x00000000e0000000)
  object space 509952K, 54% used [0x00000000a0000000,0x00000000b0d7e460,0x00000000bf200000)
 Metaspace       used 111511K, capacity 116714K, committed 116864K, reserved 1150976K
  class space    used 14120K, capacity 15166K, committed 15232K, reserved 1048576K
}
Event: 3790.851 GC heap before
{Heap before GC invocations=36 (full 6):
 PSYoungGen      total 399360K, used 280224K [0x00000000e0000000, 0x00000000ffe00000, 0x0000000100000000)
  eden space 278016K, 100% used [0x00000000e0000000,0x00000000f0f80000,0x00000000f0f80000)
  from space 121344K, 1% used [0x00000000f0f80000,0x00000000f11a8000,0x00000000f8600000)
  to   space 119296K, 0% used [0x00000000f8980000,0x00000000f8980000,0x00000000ffe00000)
 ParOldGen       total 509952K, used 275961K [0x00000000a0000000, 0x00000000bf200000, 0x00000000e0000000)
  object space 509952K, 54% used [0x00000000a0000000,0x00000000b0d7e460,0x00000000bf200000)
 Metaspace       used 111550K, capacity 116766K, committed 116864K, reserved 1150976K
  class space    used 14126K, capacity 15202K, committed 15232K, reserved 1048576K
Event: 3790.857 GC heap after
Heap after GC invocations=36 (full 6):
 PSYoungGen      total 395776K, used 3360K [0x00000000e0000000, 0x00000000ff700000, 0x0000000100000000)
  eden space 283648K, 0% used [0x00000000e0000000,0x00000000e0000000,0x00000000f1500000)
  from space 112128K, 2% used [0x00000000f8980000,0x00000000f8cc8010,0x00000000ff700000)
  to   space 115712K, 0% used [0x00000000f1500000,0x00000000f1500000,0x00000000f8600000)
 ParOldGen       total 509952K, used 277817K [0x00000000a0000000, 0x00000000bf200000, 0x00000000e0000000)
  object space 509952K, 54% used [0x00000000a0000000,0x00000000b0f4e5c0,0x00000000bf200000)
 Metaspace       used 111550K, capacity 116766K, committed 116864K, reserved 1150976K
  class space    used 14126K, capacity 15202K, committed 15232K, reserved 1048576K
}
Event: 3793.583 GC heap before
{Heap before GC invocations=37 (full 6):
 PSYoungGen      total 395776K, used 287008K [0x00000000e0000000, 0x00000000ff700000, 0x0000000100000000)
  eden space 283648K, 100% used [0x00000000e0000000,0x00000000f1500000,0x00000000f1500000)
  from space 112128K, 2% used [0x00000000f8980000,0x00000000f8cc8010,0x00000000ff700000)
  to   space 115712K, 0% used [0x00000000f1500000,0x00000000f1500000,0x00000000f8600000)
 ParOldGen       total 509952K, used 277817K [0x00000000a0000000, 0x00000000bf200000, 0x00000000e0000000)
  object space 509952K, 54% used [0x00000000a0000000,0x00000000b0f4e5c0,0x00000000bf200000)
 Metaspace       used 111649K, capacity 116974K, committed 117120K, reserved 1150976K
  class space    used 14134K, capacity 15216K, committed 15232K, reserved 1048576K
Event: 3793.588 GC heap after
Heap after GC invocations=37 (full 6):
 PSYoungGen      total 399360K, used 3711K [0x00000000e0000000, 0x00000000ffc80000, 0x0000000100000000)
  eden space 283648K, 0% used [0x00000000e0000000,0x00000000e0000000,0x00000000f1500000)
  from space 115712K, 3% used [0x00000000f1500000,0x00000000f189ff20,0x00000000f8600000)
  to   space 112128K, 0% used [0x00000000f8f00000,0x00000000f8f00000,0x00000000ffc80000)
 ParOldGen       total 509952K, used 279430K [0x00000000a0000000, 0x00000000bf200000, 0x00000000e0000000)
  object space 509952K, 54% used [0x00000000a0000000,0x00000000b10e1938,0x00000000bf200000)
 Metaspace       used 111649K, capacity 116974K, committed 117120K, reserved 1150976K
  class space    used 14134K, capacity 15216K, committed 15232K, reserved 1048576K
}

Deoptimization events (10 events):
Event: 3791.171 Thread 0x00000000182bc800 Uncommon trap: reason=array_check action=maybe_recompile pc=0x00000000051d2ff0 method=java.util.TimSort.mergeLo(IIII)V @ 375
Event: 3791.171 Thread 0x00000000182bc800 Uncommon trap: reason=array_check action=maybe_recompile pc=0x00000000051d2ff0 method=java.util.TimSort.mergeLo(IIII)V @ 375
Event: 3791.171 Thread 0x00000000182bc800 Uncommon trap: reason=array_check action=maybe_recompile pc=0x0000000007306fb8 method=java.util.TimSort.mergeHi(IIII)V @ 419
Event: 3791.172 Thread 0x00000000182bc800 Uncommon trap: reason=array_check action=maybe_recompile pc=0x0000000007306fb8 method=java.util.TimSort.mergeHi(IIII)V @ 419
Event: 3791.492 Thread 0x00000000213c1800 Uncommon trap: reason=null_check action=make_not_entrant pc=0x0000000004fac12c method=org.gradle.api.internal.changedetection.state.CachingFileHasher.snapshot(Ljava/io/File;JJ)Lorg/gradle/api/internal/changedetection/state/CachingFileHasher$FileInfo; @ 31
Event: 3793.812 Thread 0x00000000213c4800 Uncommon trap: reason=unloaded action=reinterpret pc=0x0000000005c058a8 method=com.android.tools.r8.code.o1.a(Ljava/nio/ShortBuffer;IILcom/android/tools/r8/graph/F0;)[Lcom/android/tools/r8/code/n1; @ 3266
Event: 3793.867 Thread 0x000000001f721000 Uncommon trap: reason=null_check action=make_not_entrant pc=0x00000000052a1718 method=com.android.tools.r8.s.a.b.h.a(Ljava/lang/Object;)V @ 71
Event: 3794.393 Thread 0x00000000182b7000 Uncommon trap: reason=class_check action=maybe_recompile pc=0x000000000311db5c method=java.io.DataInputStream.readUnsignedShort()I @ 4
Event: 3794.393 Thread 0x00000000182b7000 Uncommon trap: reason=bimorphic action=maybe_recompile pc=0x0000000004381ca0 method=java.io.DataInputStream.read([BII)I @ 7
Event: 3794.393 Thread 0x00000000182b7000 Uncommon trap: reason=class_check action=maybe_recompile pc=0x000000000311db5c method=java.io.DataInputStream.readUnsignedShort()I @ 4

Classes redefined (0 events):
No events

Internal exceptions (10 events):
Event: 3794.380 Thread 0x00000000213c1800 Exception <a 'java/lang/NoSuchMethodError': <clinit>> (0x00000000ee985ff0) thrown at [D:\src\AOSP-openjdk-cygwin\jdk8u\hotspot\src\share\vm\prims\jni.cpp, line 1614]
Event: 3794.380 Thread 0x00000000213c1800 Exception <a 'java/lang/NoSuchMethodError': <clinit>> (0x00000000ee98a850) thrown at [D:\src\AOSP-openjdk-cygwin\jdk8u\hotspot\src\share\vm\prims\jni.cpp, line 1614]
Event: 3794.381 Thread 0x00000000213c1800 Exception <a 'java/lang/NoSuchMethodError': <clinit>> (0x00000000ee999400) thrown at [D:\src\AOSP-openjdk-cygwin\jdk8u\hotspot\src\share\vm\prims\jni.cpp, line 1614]
Event: 3794.381 Thread 0x00000000213c1800 Exception <a 'java/lang/NoSuchMethodError': <clinit>> (0x00000000ee9aae50) thrown at [D:\src\AOSP-openjdk-cygwin\jdk8u\hotspot\src\share\vm\prims\jni.cpp, line 1614]
Event: 3794.585 Thread 0x000000001f725000 Exception <a 'java/lang/OutOfMemoryError'> (0x00000000f00c4f68) thrown at [D:\src\AOSP-openjdk-cygwin\jdk8u\hotspot\src\share\vm\prims\unsafe.cpp, line 618]
Event: 3794.585 Thread 0x000000001f71f800 Exception <a 'java/lang/OutOfMemoryError'> (0x00000000f011eda0) thrown at [D:\src\AOSP-openjdk-cygwin\jdk8u\hotspot\src\share\vm\prims\unsafe.cpp, line 618]
Event: 3794.585 Thread 0x000000001f722000 Exception <a 'java/lang/OutOfMemoryError'> (0x00000000f0193f30) thrown at [D:\src\AOSP-openjdk-cygwin\jdk8u\hotspot\src\share\vm\prims\unsafe.cpp, line 618]
Event: 3794.585 Thread 0x000000001f720800 Exception <a 'java/lang/OutOfMemoryError'> (0x00000000ef637f30) thrown at [D:\src\AOSP-openjdk-cygwin\jdk8u\hotspot\src\share\vm\prims\unsafe.cpp, line 618]
Event: 3794.588 Thread 0x000000001f71d800 Exception <a 'java/lang/OutOfMemoryError'> (0x00000000ef59e118) thrown at [D:\src\AOSP-openjdk-cygwin\jdk8u\hotspot\src\share\vm\prims\unsafe.cpp, line 618]
Event: 3794.591 Thread 0x00000000213c1800 Exception <a 'java/lang/reflect/InvocationTargetException'> (0x00000000ee9f7338) thrown at [D:\src\AOSP-openjdk-cygwin\jdk8u\hotspot\src\share\vm\runtime\reflection.cpp, line 1092]

Events (10 events):
Event: 3794.588 loading class com/google/common/base/Throwables
Event: 3794.588 loading class com/google/common/base/Throwables done
Event: 3794.590 loading class com/android/ide/common/workers/WorkerExecutorException$Companion
Event: 3794.590 loading class com/android/ide/common/workers/WorkerExecutorException$Companion done
Event: 3794.590 loading class org/gradle/tooling/BuildException
Event: 3794.590 loading class org/gradle/tooling/BuildException done
Event: 3794.590 loading class org/gradle/tooling/BuildException
Event: 3794.590 loading class org/gradle/tooling/BuildException done
Event: 3794.590 loading class org/gradle/tooling/GradleConnectionException
Event: 3794.590 loading class org/gradle/tooling/GradleConnectionException done


Dynamic libraries:
0x00007ff77d3c0000 - 0x00007ff77d3f1000 	D:\work ware\jre\bin\java.exe
0x00007ffaddfc0000 - 0x00007ffade1b0000 	C:\WINDOWS\SYSTEM32\ntdll.dll
0x00007ffadc520000 - 0x00007ffadc5d2000 	C:\WINDOWS\System32\KERNEL32.DLL
0x00007ffadb970000 - 0x00007ffadbc13000 	C:\WINDOWS\System32\KERNELBASE.dll
0x00007ffadd0f0000 - 0x00007ffadd193000 	C:\WINDOWS\System32\ADVAPI32.dll
0x00007ffadc070000 - 0x00007ffadc10e000 	C:\WINDOWS\System32\msvcrt.dll
0x00007ffadc3f0000 - 0x00007ffadc487000 	C:\WINDOWS\System32\sechost.dll
0x00007ffadd610000 - 0x00007ffadd730000 	C:\WINDOWS\System32\RPCRT4.dll
0x00007ffadcbb0000 - 0x00007ffadcd44000 	C:\WINDOWS\System32\USER32.dll
0x00007ffadb1c0000 - 0x00007ffadb1e1000 	C:\WINDOWS\System32\win32u.dll
0x00007ffadc490000 - 0x00007ffadc4b6000 	C:\WINDOWS\System32\GDI32.dll
0x00007ffadaf50000 - 0x00007ffadb0e4000 	C:\WINDOWS\System32\gdi32full.dll
0x00007ffadbc20000 - 0x00007ffadbcbe000 	C:\WINDOWS\System32\msvcp_win.dll
0x00007ffadbf10000 - 0x00007ffadc00a000 	C:\WINDOWS\System32\ucrtbase.dll
0x00007ffad4eb0000 - 0x00007ffad5135000 	C:\WINDOWS\WinSxS\amd64_microsoft.windows.common-controls_6595b64144ccf1df_6.0.18362.719_none_e6c7b883130c6729\COMCTL32.dll
0x00007ffadcdb0000 - 0x00007ffadd0e6000 	C:\WINDOWS\System32\combase.dll
0x00007ffadbe90000 - 0x00007ffadbf10000 	C:\WINDOWS\System32\bcryptPrimitives.dll
0x00007ffadcb80000 - 0x00007ffadcbae000 	C:\WINDOWS\System32\IMM32.DLL
0x0000000059180000 - 0x0000000059252000 	D:\work ware\jre\jre\bin\msvcr100.dll
0x0000000059420000 - 0x0000000059c66000 	D:\work ware\jre\jre\bin\server\jvm.dll
0x00007ffadd2e0000 - 0x00007ffadd2e8000 	C:\WINDOWS\System32\PSAPI.DLL
0x00007ffaceab0000 - 0x00007ffaceab9000 	C:\WINDOWS\SYSTEM32\WSOCK32.dll
0x00007ffad2b40000 - 0x00007ffad2b4a000 	C:\WINDOWS\SYSTEM32\VERSION.dll
0x00007ffacf190000 - 0x00007ffacf1b4000 	C:\WINDOWS\SYSTEM32\WINMM.dll
0x00007ffaddf10000 - 0x00007ffaddf7f000 	C:\WINDOWS\System32\WS2_32.dll
0x00007ffacf160000 - 0x00007ffacf18d000 	C:\WINDOWS\SYSTEM32\winmmbase.dll
0x00007ffadbe40000 - 0x00007ffadbe8a000 	C:\WINDOWS\System32\cfgmgr32.dll
0x00007ffacea80000 - 0x00007ffacea8f000 	D:\work ware\jre\jre\bin\verify.dll
0x00007ffacea50000 - 0x00007ffacea79000 	D:\work ware\jre\jre\bin\java.dll
0x00007ffacea30000 - 0x00007ffacea46000 	D:\work ware\jre\jre\bin\zip.dll
0x00007ffadd820000 - 0x00007ffaddf05000 	C:\WINDOWS\System32\SHELL32.dll
0x00007ffadc5e0000 - 0x00007ffadc689000 	C:\WINDOWS\System32\shcore.dll
0x00007ffadb1f0000 - 0x00007ffadb970000 	C:\WINDOWS\System32\windows.storage.dll
0x00007ffadaeb0000 - 0x00007ffadaed3000 	C:\WINDOWS\System32\profapi.dll
0x00007ffadaf00000 - 0x00007ffadaf4a000 	C:\WINDOWS\System32\powrprof.dll
0x00007ffadae80000 - 0x00007ffadae90000 	C:\WINDOWS\System32\UMPDC.dll
0x00007ffadcb00000 - 0x00007ffadcb52000 	C:\WINDOWS\System32\shlwapi.dll
0x00007ffadae90000 - 0x00007ffadaea1000 	C:\WINDOWS\System32\kernel.appcore.dll
0x00007ffadb1a0000 - 0x00007ffadb1b7000 	C:\WINDOWS\System32\cryptsp.dll
0x00007ffacea10000 - 0x00007ffacea2a000 	D:\work ware\jre\jre\bin\net.dll
0x00007ffad1400000 - 0x00007ffad15d5000 	C:\WINDOWS\SYSTEM32\urlmon.dll
0x00007ffad2ba0000 - 0x00007ffad2e46000 	C:\WINDOWS\SYSTEM32\iertutil.dll
0x00007ffada8c0000 - 0x00007ffada8cc000 	C:\WINDOWS\SYSTEM32\CRYPTBASE.DLL
0x00007ffada6f0000 - 0x00007ffada757000 	C:\WINDOWS\system32\mswsock.dll
0x00007fface9b0000 - 0x00007fface9c3000 	D:\work ware\jre\jre\bin\nio.dll
0x00007ffacc060000 - 0x00007ffacc086000 	C:\Users\gzp\.gradle\native\30\windows-amd64\native-platform.dll
0x00007ffacc770000 - 0x00007ffacc77d000 	D:\work ware\jre\jre\bin\management.dll
0x00007ffada260000 - 0x00007ffada293000 	C:\WINDOWS\system32\rsaenh.dll
0x00007ffadbcc0000 - 0x00007ffadbce6000 	C:\WINDOWS\System32\bcrypt.dll
0x00007ffadada0000 - 0x00007ffadadc5000 	C:\WINDOWS\SYSTEM32\USERENV.dll
0x00007ffada400000 - 0x00007ffada43a000 	C:\WINDOWS\SYSTEM32\IPHLPAPI.DLL
0x00007ffadcb60000 - 0x00007ffadcb68000 	C:\WINDOWS\System32\NSI.dll
0x00007ffad75e0000 - 0x00007ffad75f6000 	C:\WINDOWS\SYSTEM32\dhcpcsvc6.DLL
0x00007ffad7500000 - 0x00007ffad751c000 	C:\WINDOWS\SYSTEM32\dhcpcsvc.DLL
0x00007ffada440000 - 0x00007ffada50a000 	C:\WINDOWS\SYSTEM32\DNSAPI.dll
0x00007ffad2a90000 - 0x00007ffad2ab4000 	D:\work ware\jre\jre\bin\sunec.dll
0x00007ffad5f80000 - 0x00007ffad5f8a000 	C:\Windows\System32\rasadhlp.dll
0x00007ffad77b0000 - 0x00007ffad7827000 	C:\WINDOWS\System32\fwpuclnt.dll
0x00007ffad4d80000 - 0x00007ffad4d8b000 	D:\work ware\jre\jre\bin\sunmscapi.dll
0x00007ffadbcf0000 - 0x00007ffadbe39000 	C:\WINDOWS\System32\CRYPT32.dll
0x00007ffadaee0000 - 0x00007ffadaef2000 	C:\WINDOWS\System32\MSASN1.dll
0x00007ffad2ae0000 - 0x00007ffad2afe000 	C:\Users\gzp\AppData\Local\Temp\native-platform4439415645298643026dir\native-platform.dll

VM Arguments:
jvm_args: -Xmx1536m -Dfile.encoding=GBK -Duser.country=CN -Duser.language=zh -Duser.variant 
java_command: org.gradle.launcher.daemon.bootstrap.GradleDaemon 5.6.4
java_class_path (initial): C:\Users\gzp\.gradle\wrapper\dists\gradle-5.6.4-all\ankdp27end7byghfw1q2sw75f\gradle-5.6.4\lib\gradle-launcher-5.6.4.jar
Launcher Type: SUN_STANDARD

Environment Variables:
JAVA_HOME=C:\Program Files\Java\jdk1.8.0_241
CLASSPATH=.;C:\Program Files\Java\jdk1.8.0_241\lib;C:\Program Files\Java\jdk1.8.0_241\lib\dt.jar;C:\Program Files\Java\jdk1.8.0_241\lib\tools.jar
PATH=D:\Xshell\;C:\Program Files (x86)\Common Files\Oracle\Java\javapath;C:\WINDOWS\system32;C:\WINDOWS;C:\WINDOWS\System32\Wbem;C:\WINDOWS\System32\WindowsPowerShell\v1.0\;C:\WINDOWS\System32\OpenSSH\;D:\Git\cmd;D:\go\bin;C:\Program Files\Java\jdk1.8.0_241\bin;C:\Program Files\Java\jdk1.8.0_241\jre\bin;C:\Users\gzp\AppData\Local\Microsoft\WindowsApps;D:\work ware\Microsoft VS Code\bin;D:\flutterSDK\flutter\bin;C:\Users\gzp\go\bin;C:\Program Files\Java\jdk1.8.0_241\bin;C:\Program Files\Java\jdk1.8.0_241\jre\bin;
USERNAME=gzp
OS=Windows_NT
PROCESSOR_IDENTIFIER=Intel64 Family 6 Model 158 Stepping 10, GenuineIntel



---------------  S Y S T E M  ---------------

OS: Windows 10.0 , 64 bit Build 18362 (10.0.18362.329)

CPU:total 6 (initial active 6) (6 cores per cpu, 1 threads per core) family 6 model 158 stepping 10, cmov, cx8, fxsr, mmx, sse, sse2, sse3, ssse3, sse4.1, sse4.2, popcnt, avx, avx2, aes, clmul, erms, 3dnowpref, lzcnt, tsc, tscinvbit, bmi1, bmi2, adx

Memory: 4k page, physical 16718868k(2137804k free), swap 28703820k(3776k free)

vm_info: OpenJDK 64-Bit Server VM (25.212-b04) for windows-amd64 JRE (1.8.0_212-release-1586-b04), built by "builder" with MS VC++ 10.0 (VS2010)

time: Tue Mar 24 11:43:15 2020
timezone: 中国标准时间
elapsed time: 3794 seconds (0d 1h 3m 14s)

