#
# There is insufficient memory for the Java Runtime Environment to continue.
# Native memory allocation (malloc) failed to allocate 1048592 bytes for Chunk::new
# Possible reasons:
#   The system is out of physical RAM or swap space
#   The process is running with CompressedOops enabled, and the Java Heap may be blocking the growth of the native heap
# Possible solutions:
#   Reduce memory load on the system
#   Increase physical memory or swap space
#   Check if swap backing store is full
#   Decrease Java heap size (-Xmx/-Xms)
#   Decrease number of Java threads
#   Decrease Java thread stack sizes (-Xss)
#   Set larger code cache with -XX:ReservedCodeCacheSize=
#   JVM is running with Unscaled Compressed Oops mode in which the Java heap is
#     placed in the first 4GB address space. The Java Heap base address is the
#     maximum limit for the native heap growth. Please use -XX:HeapBaseMinAddress
#     to set the Java Heap base and to place the Java Heap above 4GB virtual address.
# This output file may be truncated or incomplete.
#
#  Out of Memory Error (allocation.cpp:389), pid=28820, tid=0x0000000000006e50
#
# JRE version: OpenJDK Runtime Environment (8.0_212-b04) (build 1.8.0_212-release-1586-b04)
# Java VM: OpenJDK 64-Bit Server VM (25.212-b04 mixed mode windows-amd64 compressed oops)
# Failed to write core dump. Minidumps are not enabled by default on client versions of Windows
#

---------------  T H R E A D  ---------------

Current thread (0x00000000185ed000):  JavaThread "C2 CompilerThread1" daemon [_thread_in_native, id=28240, stack(0x0000000018ca0000,0x0000000018da0000)]

Stack: [0x0000000018ca0000,0x0000000018da0000]
[error occurred during error reporting (printing stack bounds), id 0xc0000005]

Native frames: (J=compiled Java code, j=interpreted, Vv=VM code, C=native code)


Current CompileTask:
C2:3287536 23101       4       com.android.builder.symbols.BytecodeRClassWriterKt::generateResourceTypeClass (595 bytes)


---------------  P R O C E S S  ---------------

Java Threads: ( => current thread )
  0x000000001f686000 JavaThread "RMI RenewClean-[127.0.0.1:17902,org.jetbrains.kotlin.daemon.common.LoopbackNetworkInterface$ClientLoopbackSocketFactory@78e09be]" daemon [_thread_blocked, id=34284, stack(0x0000000032fd0000,0x00000000330d0000)]
  0x000000001f68a800 JavaThread "WorkerExecutor Queue Thread 2" [_thread_blocked, id=13300, stack(0x0000000026e10000,0x0000000026f10000)]
  0x000000001f68a000 JavaThread "stdout" [_thread_in_native, id=2712, stack(0x0000000026d10000,0x0000000026e10000)]
  0x000000001f687800 JavaThread "stderr" [_thread_in_native, id=14244, stack(0x0000000026c10000,0x0000000026d10000)]
  0x000000001f684800 JavaThread "pool-6-thread-1" [_thread_blocked, id=1468, stack(0x0000000026b10000,0x0000000026c10000)]
  0x000000001f689000 JavaThread "WorkerExecutor Queue" [_thread_blocked, id=10648, stack(0x0000000026a10000,0x0000000026b10000)]
  0x000000001f688800 JavaThread "Cache worker for execution history cache (D:\git\tmp\fourth\twant\twant\.gradle\5.6.4\executionHistory)" [_thread_blocked, id=25124, stack(0x00000000258e0000,0x00000000259e0000)]
  0x000000001f67e800 JavaThread "Execution worker for ':' Thread 5" [_thread_blocked, id=32108, stack(0x00000000257e0000,0x00000000258e0000)]
  0x000000001f67f800 JavaThread "Execution worker for ':' Thread 4" [_thread_in_native, id=18956, stack(0x0000000024ee0000,0x0000000024fe0000)]
  0x000000001f681800 JavaThread "Execution worker for ':' Thread 3" [_thread_blocked, id=23440, stack(0x0000000024be0000,0x0000000024ce0000)]
  0x000000001f685800 JavaThread "Execution worker for ':' Thread 2" [_thread_blocked, id=26072, stack(0x0000000023ec0000,0x0000000023fc0000)]
  0x000000001f681000 JavaThread "Execution worker for ':'" [_thread_blocked, id=19444, stack(0x0000000023bc0000,0x0000000023cc0000)]
  0x000000001f683000 JavaThread "Cache worker for file content cache (D:\git\tmp\fourth\twant\twant\.gradle\5.6.4\fileContent)" [_thread_blocked, id=10512, stack(0x0000000022bc0000,0x0000000022cc0000)]
  0x000000001b661000 JavaThread "Cache worker for Build Output Cleanup Cache (D:\git\tmp\fourth\twant\twant\.gradle\buildOutputCleanup)" [_thread_blocked, id=22868, stack(0x00000000226c0000,0x00000000227c0000)]
  0x000000001b664000 JavaThread "pool-5-thread-1" [_thread_blocked, id=7172, stack(0x00000000225c0000,0x00000000226c0000)]
  0x000000001b667000 JavaThread "Build operations Thread 6" [_thread_blocked, id=20648, stack(0x00000000222b0000,0x00000000223b0000)]
  0x000000001b665000 JavaThread "Build operations Thread 5" [_thread_blocked, id=18556, stack(0x00000000221b0000,0x00000000222b0000)]
  0x000000001b663800 JavaThread "Build operations Thread 4" [_thread_blocked, id=14048, stack(0x00000000220b0000,0x00000000221b0000)]
  0x000000001b662800 JavaThread "Build operations Thread 3" [_thread_blocked, id=21384, stack(0x0000000021c60000,0x0000000021d60000)]
  0x000000001b65f800 JavaThread "Build operations Thread 2" [_thread_blocked, id=6868, stack(0x0000000020750000,0x0000000020850000)]
  0x000000001b666800 JavaThread "Build operations" [_thread_blocked, id=7364, stack(0x0000000020410000,0x0000000020510000)]
  0x000000001b662000 JavaThread "Cache worker for cache directory md-rule (C:\Users\gzp\.gradle\caches\5.6.4\md-rule)" [_thread_blocked, id=19452, stack(0x000000001ee90000,0x000000001ef90000)]
  0x000000001b665800 JavaThread "Cache worker for cache directory md-supplier (C:\Users\gzp\.gradle\caches\5.6.4\md-supplier)" [_thread_blocked, id=32184, stack(0x000000001c5f0000,0x000000001c6f0000)]
  0x000000001b658000 JavaThread "Cache worker for file hash cache (D:\git\tmp\fourth\twant\twant\.gradle\5.6.4\fileHashes)" [_thread_blocked, id=10880, stack(0x000000001c4f0000,0x000000001c5f0000)]
  0x000000001b65f000 JavaThread "Thread-72" [_thread_blocked, id=29948, stack(0x000000001c3f0000,0x000000001c4f0000)]
  0x000000001b65e000 JavaThread "Stdin handler" [_thread_blocked, id=29336, stack(0x000000001c2f0000,0x000000001c3f0000)]
  0x000000001b65c000 JavaThread "Asynchronous log dispatcher for DefaultDaemonConnection: socket connection from /127.0.0.1:49691 to /127.0.0.1:51692" [_thread_blocked, id=17404, stack(0x000000001c1f0000,0x000000001c2f0000)]
  0x000000001b65d800 JavaThread "Daemon worker Thread 3" [_thread_blocked, id=19472, stack(0x000000001bef0000,0x000000001bff0000)]
  0x000000001b65b000 JavaThread "Cancel handler" [_thread_blocked, id=1804, stack(0x000000001bdf0000,0x000000001bef0000)]
  0x000000001b65a800 JavaThread "Handler for socket connection from /127.0.0.1:49691 to /127.0.0.1:51692" [_thread_in_native, id=32804, stack(0x0000000001040000,0x0000000001140000)]
  0x000000001b65c800 JavaThread "Daemon Thread 3" [_thread_blocked, id=17984, stack(0x0000000000f40000,0x0000000001040000)]
  0x000000001b659000 JavaThread "RMI TCP Connection(idle)" daemon [_thread_blocked, id=24696, stack(0x0000000000e40000,0x0000000000f40000)]
  0x000000002149d800 JavaThread "Cache worker for Java compile cache (C:\Users\gzp\.gradle\caches\5.6.4\javaCompile)" [_thread_blocked, id=25796, stack(0x00000000334d0000,0x00000000335d0000)]
  0x000000002149d000 JavaThread "RMI Reaper" [_thread_blocked, id=20220, stack(0x00000000332d0000,0x00000000333d0000)]
  0x000000002149a800 JavaThread "RMI TCP Accept-0" daemon [_thread_in_native, id=25288, stack(0x00000000331d0000,0x00000000332d0000)]
  0x000000002149c000 JavaThread "GC Daemon" daemon [_thread_blocked, id=33604, stack(0x00000000330d0000,0x00000000331d0000)]
  0x0000000021497800 JavaThread "RMI Scheduler(0)" daemon [_thread_blocked, id=13856, stack(0x0000000032ed0000,0x0000000032fd0000)]
  0x00000000202b1800 JavaThread "Cache worker for file content cache (C:\Users\gzp\.gradle\caches\5.6.4\fileContent)" [_thread_blocked, id=16304, stack(0x0000000023ac0000,0x0000000023bc0000)]
  0x00000000202b0000 JavaThread "Memory manager" [_thread_blocked, id=17248, stack(0x00000000239c0000,0x0000000023ac0000)]
  0x00000000202a9800 JavaThread "Cache worker for execution history cache (C:\Users\gzp\.gradle\caches\5.6.4\executionHistory)" [_thread_blocked, id=22788, stack(0x0000000021db0000,0x0000000021eb0000)]
  0x000000001af6f000 JavaThread "Cache worker for journal cache (C:\Users\gzp\.gradle\caches\journal-1)" [_thread_blocked, id=6940, stack(0x000000001cbf0000,0x000000001ccf0000)]
  0x000000001af6a800 JavaThread "File lock request listener" [_thread_in_native, id=11856, stack(0x000000001caf0000,0x000000001cbf0000)]
  0x000000001af69000 JavaThread "Cache worker for file hash cache (C:\Users\gzp\.gradle\caches\5.6.4\fileHashes)" [_thread_blocked, id=8708, stack(0x000000001c8f0000,0x000000001c9f0000)]
  0x000000001aba2000 JavaThread "Daemon periodic checks" [_thread_blocked, id=9144, stack(0x000000001bcf0000,0x000000001bdf0000)]
  0x000000001ab7c000 JavaThread "Incoming local TCP Connector on port 49691" [_thread_in_native, id=4468, stack(0x000000001bb40000,0x000000001bc40000)]
  0x000000001ab17000 JavaThread "Daemon health stats" [_thread_blocked, id=144, stack(0x000000001b840000,0x000000001b940000)]
  0x0000000018668000 JavaThread "Service Thread" daemon [_thread_blocked, id=29376, stack(0x0000000018ea0000,0x0000000018fa0000)]
  0x00000000185f1800 JavaThread "C1 CompilerThread2" daemon [_thread_blocked, id=19144, stack(0x0000000018da0000,0x0000000018ea0000)]
=>0x00000000185ed000 JavaThread "C2 CompilerThread1" daemon [_thread_in_native, id=28240, stack(0x0000000018ca0000,0x0000000018da0000)]
  0x00000000185eb000 JavaThread "C2 CompilerThread0" daemon [_thread_blocked, id=22140, stack(0x0000000018ba0000,0x0000000018ca0000)]
  0x0000000016c2e000 JavaThread "Attach Listener" daemon [_thread_blocked, id=33148, stack(0x0000000018aa0000,0x0000000018ba0000)]
  0x0000000016c0a800 JavaThread "Signal Dispatcher" daemon [_thread_blocked, id=17400, stack(0x00000000189a0000,0x0000000018aa0000)]
  0x000000000305a800 JavaThread "Finalizer" daemon [_thread_blocked, id=3112, stack(0x00000000184a0000,0x00000000185a0000)]
  0x0000000016bfb000 JavaThread "Reference Handler" daemon [_thread_blocked, id=12512, stack(0x00000000183a0000,0x00000000184a0000)]
  0x0000000002a8d800 JavaThread "main" [_thread_blocked, id=30064, stack(0x0000000002e60000,0x0000000002f60000)]

Other Threads:
  0x0000000016bd7800 VMThread [stack: 0x00000000182a0000,0x00000000183a0000] [id=33608]
  0x0000000018669800 WatcherThread [stack: 0x0000000018fa0000,0x00000000190a0000] [id=33084]

VM state:not at safepoint (normal execution)

VM Mutex/Monitor currently owned by a thread: None

heap address: 0x00000000a0000000, size: 1536 MB, Compressed Oops mode: 32-bit
Narrow klass base: 0x0000000000000000, Narrow klass shift: 3
Compressed class space size: 1073741824 Address: 0x0000000100000000

Heap:
 PSYoungGen      total 436736K, used 175701K [0x00000000e0000000, 0x0000000100000000, 0x0000000100000000)
  eden space 365056K, 33% used [0x00000000e0000000,0x00000000e77c40e0,0x00000000f6480000)
  from space 71680K, 74% used [0x00000000fae80000,0x00000000fe251440,0x00000000ff480000)
  to   space 75776K, 0% used [0x00000000f6480000,0x00000000f6480000,0x00000000fae80000)
 ParOldGen       total 360960K, used 255594K [0x00000000a0000000, 0x00000000b6080000, 0x00000000e0000000)
  object space 360960K, 70% used [0x00000000a0000000,0x00000000af99a880,0x00000000b6080000)
 Metaspace       used 102085K, capacity 106048K, committed 106152K, reserved 1140736K
  class space    used 13096K, capacity 13953K, committed 13992K, reserved 1048576K

Card table byte_map: [0x0000000012420000,0x0000000012730000] byte_map_base: 0x0000000011f20000

Marking Bits: (ParMarkBitMap*) 0x0000000059be9f30
 Begin Bits: [0x0000000012f30000, 0x0000000014730000)
 End Bits:   [0x0000000014730000, 0x0000000015f30000)

Polling page: 0x0000000000c50000

CodeCache: size=245760Kb used=61663Kb max_used=61704Kb free=184096Kb
 bounds [0x0000000003060000, 0x0000000006d00000, 0x0000000012060000]
 total_blobs=18364 nmethods=17427 adapters=848
 compilation: enabled

Compilation events (10 events):
Event: 3287.521 Thread 0x00000000185f1800 23169       1       org.gradle.api.internal.tasks.DefaultTaskInputPropertyRegistration::getPropertyName (5 bytes)
Event: 3287.521 Thread 0x00000000185f1800 nmethod 23169 0x0000000003ced910 code [0x0000000003ceda60, 0x0000000003cedb70]
Event: 3287.521 Thread 0x00000000185f1800 23170       1       org.gradle.api.internal.tasks.DefaultTaskInputPropertyRegistration::getValue (5 bytes)
Event: 3287.521 Thread 0x00000000185f1800 nmethod 23170 0x0000000003ced650 code [0x0000000003ced7a0, 0x0000000003ced8b0]
Event: 3287.521 Thread 0x00000000185f1800 23171       1       org.gradle.api.internal.tasks.DefaultTaskInputPropertyRegistration::isOptional (5 bytes)
Event: 3287.521 Thread 0x00000000185f1800 nmethod 23171 0x0000000003ced390 code [0x0000000003ced4e0, 0x0000000003ced5f0]
Event: 3287.522 Thread 0x00000000185f1800 23172       1       kotlin.sequences.FilteringSequence::access$getSequence$p (5 bytes)
Event: 3287.522 Thread 0x00000000185f1800 nmethod 23172 0x0000000003ced0d0 code [0x0000000003ced220, 0x0000000003ced310]
Event: 3287.522 Thread 0x00000000185f1800 23173       1       kotlin.io.FileTreeWalk::access$getDirection$p (5 bytes)
Event: 3287.522 Thread 0x00000000185f1800 nmethod 23173 0x0000000003cece10 code [0x0000000003cecf60, 0x0000000003ced050]

GC Heap History (10 events):
Event: 2344.837 GC heap before
{Heap before GC invocations=18 (full 4):
 PSYoungGen      total 432640K, used 432333K [0x00000000e0000000, 0x0000000100000000, 0x0000000100000000)
  eden space 368640K, 100% used [0x00000000e0000000,0x00000000f6800000,0x00000000f6800000)
  from space 64000K, 99% used [0x00000000f6800000,0x00000000fa6336c8,0x00000000fa680000)
  to   space 85504K, 0% used [0x00000000fac80000,0x00000000fac80000,0x0000000100000000)
 ParOldGen       total 360960K, used 167864K [0x00000000a0000000, 0x00000000b6080000, 0x00000000e0000000)
  object space 360960K, 46% used [0x00000000a0000000,0x00000000aa3ee218,0x00000000b6080000)
 Metaspace       used 91614K, capacity 94282K, committed 95400K, reserved 1132544K
  class space    used 11654K, capacity 12293K, committed 12456K, reserved 1048576K
Event: 2344.907 GC heap after
Heap after GC invocations=18 (full 4):
 PSYoungGen      total 442880K, used 27080K [0x00000000e0000000, 0x0000000100000000, 0x0000000100000000)
  eden space 357376K, 0% used [0x00000000e0000000,0x00000000e0000000,0x00000000f5d00000)
  from space 85504K, 31% used [0x00000000fac80000,0x00000000fc6f20c8,0x0000000100000000)
  to   space 81408K, 0% used [0x00000000f5d00000,0x00000000f5d00000,0x00000000fac80000)
 ParOldGen       total 360960K, used 229367K [0x00000000a0000000, 0x00000000b6080000, 0x00000000e0000000)
  object space 360960K, 63% used [0x00000000a0000000,0x00000000adffdeb8,0x00000000b6080000)
 Metaspace       used 91614K, capacity 94282K, committed 95400K, reserved 1132544K
  class space    used 11654K, capacity 12293K, committed 12456K, reserved 1048576K
}
Event: 2349.213 GC heap before
{Heap before GC invocations=19 (full 4):
 PSYoungGen      total 442880K, used 384456K [0x00000000e0000000, 0x0000000100000000, 0x0000000100000000)
  eden space 357376K, 100% used [0x00000000e0000000,0x00000000f5d00000,0x00000000f5d00000)
  from space 85504K, 31% used [0x00000000fac80000,0x00000000fc6f20c8,0x0000000100000000)
  to   space 81408K, 0% used [0x00000000f5d00000,0x00000000f5d00000,0x00000000fac80000)
 ParOldGen       total 360960K, used 229367K [0x00000000a0000000, 0x00000000b6080000, 0x00000000e0000000)
  object space 360960K, 63% used [0x00000000a0000000,0x00000000adffdeb8,0x00000000b6080000)
 Metaspace       used 91848K, capacity 94538K, committed 95656K, reserved 1132544K
  class space    used 11660K, capacity 12293K, committed 12456K, reserved 1048576K
Event: 2349.256 GC heap after
Heap after GC invocations=19 (full 4):
 PSYoungGen      total 369664K, used 12285K [0x00000000e0000000, 0x00000000ff900000, 0x0000000100000000)
  eden space 357376K, 0% used [0x00000000e0000000,0x00000000e0000000,0x00000000f5d00000)
  from space 12288K, 99% used [0x00000000f5d00000,0x00000000f68ff668,0x00000000f6900000)
  to   space 79872K, 0% used [0x00000000fab00000,0x00000000fab00000,0x00000000ff900000)
 ParOldGen       total 360960K, used 255570K [0x00000000a0000000, 0x00000000b6080000, 0x00000000e0000000)
  object space 360960K, 70% used [0x00000000a0000000,0x00000000af994880,0x00000000b6080000)
 Metaspace       used 91848K, capacity 94538K, committed 95656K, reserved 1132544K
  class space    used 11660K, capacity 12293K, committed 12456K, reserved 1048576K
}
Event: 2362.738 GC heap before
{Heap before GC invocations=20 (full 4):
 PSYoungGen      total 369664K, used 369661K [0x00000000e0000000, 0x00000000ff900000, 0x0000000100000000)
  eden space 357376K, 100% used [0x00000000e0000000,0x00000000f5d00000,0x00000000f5d00000)
  from space 12288K, 99% used [0x00000000f5d00000,0x00000000f68ff668,0x00000000f6900000)
  to   space 79872K, 0% used [0x00000000fab00000,0x00000000fab00000,0x00000000ff900000)
 ParOldGen       total 360960K, used 255570K [0x00000000a0000000, 0x00000000b6080000, 0x00000000e0000000)
  object space 360960K, 70% used [0x00000000a0000000,0x00000000af994880,0x00000000b6080000)
 Metaspace       used 96281K, capacity 99208K, committed 99880K, reserved 1136640K
  class space    used 12303K, capacity 13008K, committed 13096K, reserved 1048576K
Event: 2362.778 GC heap after
Heap after GC invocations=20 (full 4):
 PSYoungGen      total 441856K, used 31135K [0x00000000e0000000, 0x0000000100000000, 0x0000000100000000)
  eden space 361984K, 0% used [0x00000000e0000000,0x00000000e0000000,0x00000000f6180000)
  from space 79872K, 38% used [0x00000000fab00000,0x00000000fc967f70,0x00000000ff900000)
  to   space 75264K, 0% used [0x00000000f6180000,0x00000000f6180000,0x00000000fab00000)
 ParOldGen       total 360960K, used 255578K [0x00000000a0000000, 0x00000000b6080000, 0x00000000e0000000)
  object space 360960K, 70% used [0x00000000a0000000,0x00000000af996880,0x00000000b6080000)
 Metaspace       used 96281K, capacity 99208K, committed 99880K, reserved 1136640K
  class space    used 12303K, capacity 13008K, committed 13096K, reserved 1048576K
}
Event: 3279.148 GC heap before
{Heap before GC invocations=21 (full 4):
 PSYoungGen      total 441856K, used 393119K [0x00000000e0000000, 0x0000000100000000, 0x0000000100000000)
  eden space 361984K, 100% used [0x00000000e0000000,0x00000000f6180000,0x00000000f6180000)
  from space 79872K, 38% used [0x00000000fab00000,0x00000000fc967f70,0x00000000ff900000)
  to   space 75264K, 0% used [0x00000000f6180000,0x00000000f6180000,0x00000000fab00000)
 ParOldGen       total 360960K, used 255578K [0x00000000a0000000, 0x00000000b6080000, 0x00000000e0000000)
  object space 360960K, 70% used [0x00000000a0000000,0x00000000af996880,0x00000000b6080000)
 Metaspace       used 101730K, capacity 105660K, committed 105896K, reserved 1140736K
  class space    used 13085K, capacity 13931K, committed 13992K, reserved 1048576K
Event: 3279.263 GC heap after
Heap after GC invocations=21 (full 4):
 PSYoungGen      total 437248K, used 32386K [0x00000000e0000000, 0x00000000ff480000, 0x0000000100000000)
  eden space 361984K, 0% used [0x00000000e0000000,0x00000000e0000000,0x00000000f6180000)
  from space 75264K, 43% used [0x00000000f6180000,0x00000000f8120ab8,0x00000000fab00000)
  to   space 71680K, 0% used [0x00000000fae80000,0x00000000fae80000,0x00000000ff480000)
 ParOldGen       total 360960K, used 255586K [0x00000000a0000000, 0x00000000b6080000, 0x00000000e0000000)
  object space 360960K, 70% used [0x00000000a0000000,0x00000000af998880,0x00000000b6080000)
 Metaspace       used 101730K, capacity 105660K, committed 105896K, reserved 1140736K
  class space    used 13085K, capacity 13931K, committed 13992K, reserved 1048576K
}
Event: 3286.566 GC heap before
{Heap before GC invocations=22 (full 4):
 PSYoungGen      total 437248K, used 394370K [0x00000000e0000000, 0x00000000ff480000, 0x0000000100000000)
  eden space 361984K, 100% used [0x00000000e0000000,0x00000000f6180000,0x00000000f6180000)
  from space 75264K, 43% used [0x00000000f6180000,0x00000000f8120ab8,0x00000000fab00000)
  to   space 71680K, 0% used [0x00000000fae80000,0x00000000fae80000,0x00000000ff480000)
 ParOldGen       total 360960K, used 255586K [0x00000000a0000000, 0x00000000b6080000, 0x00000000e0000000)
  object space 360960K, 70% used [0x00000000a0000000,0x00000000af998880,0x00000000b6080000)
 Metaspace       used 102032K, capacity 105984K, committed 106152K, reserved 1140736K
  class space    used 13096K, capacity 13953K, committed 13992K, reserved 1048576K
Event: 3286.609 GC heap after
Heap after GC invocations=22 (full 4):
 PSYoungGen      total 436736K, used 53061K [0x00000000e0000000, 0x0000000100000000, 0x0000000100000000)
  eden space 365056K, 0% used [0x00000000e0000000,0x00000000e0000000,0x00000000f6480000)
  from space 71680K, 74% used [0x00000000fae80000,0x00000000fe251440,0x00000000ff480000)
  to   space 75776K, 0% used [0x00000000f6480000,0x00000000f6480000,0x00000000fae80000)
 ParOldGen       total 360960K, used 255594K [0x00000000a0000000, 0x00000000b6080000, 0x00000000e0000000)
  object space 360960K, 70% used [0x00000000a0000000,0x00000000af99a880,0x00000000b6080000)
 Metaspace       used 102032K, capacity 105984K, committed 106152K, reserved 1140736K
  class space    used 13096K, capacity 13953K, committed 13992K, reserved 1048576K
}

Deoptimization events (10 events):
Event: 3282.622 Thread 0x000000001f67f800 Uncommon trap: reason=bimorphic action=maybe_recompile pc=0x0000000003370858 method=org.gradle.api.internal.OverlappingOutputs$OverlappingOutputsDetectingVisitor.detectOverlappingPath(Lorg/gradle/internal/snapshot/FileSystemLocationSnapshot;)Ljava/lang/St
Event: 3282.622 Thread 0x000000001f67f800 Uncommon trap: reason=bimorphic action=maybe_recompile pc=0x0000000003370858 method=org.gradle.api.internal.OverlappingOutputs$OverlappingOutputsDetectingVisitor.detectOverlappingPath(Lorg/gradle/internal/snapshot/FileSystemLocationSnapshot;)Ljava/lang/St
Event: 3282.691 Thread 0x000000001f67f800 Uncommon trap: reason=class_check action=maybe_recompile pc=0x0000000005584a94 method=com.google.common.collect.RegularImmutableMap$EntrySet.contains(Ljava/lang/Object;)Z @ 1
Event: 3282.691 Thread 0x000000001f67f800 Uncommon trap: reason=class_check action=maybe_recompile pc=0x0000000005584a94 method=com.google.common.collect.RegularImmutableMap$EntrySet.contains(Ljava/lang/Object;)Z @ 1
Event: 3282.691 Thread 0x000000001f67f800 Uncommon trap: reason=class_check action=maybe_recompile pc=0x0000000005584a94 method=com.google.common.collect.RegularImmutableMap$EntrySet.contains(Ljava/lang/Object;)Z @ 1
Event: 3282.691 Thread 0x000000001f67f800 Uncommon trap: reason=class_check action=maybe_recompile pc=0x0000000005584a94 method=com.google.common.collect.RegularImmutableMap$EntrySet.contains(Ljava/lang/Object;)Z @ 1
Event: 3283.029 Thread 0x000000001f67f800 Uncommon trap: reason=bimorphic action=maybe_recompile pc=0x000000000541e7a8 method=com.sun.org.apache.xerces.internal.dom.ParentNode.internalInsertBefore(Lorg/w3c/dom/Node;Lorg/w3c/dom/Node;Z)Lorg/w3c/dom/Node; @ 565
Event: 3283.029 Thread 0x000000001f67f800 Uncommon trap: reason=null_check action=make_not_entrant pc=0x0000000005456e54 method=com.android.ide.common.resources.NodeUtils.processSingleNodeNamespace(Lorg/w3c/dom/Node;Lorg/w3c/dom/Document;)Z @ 8
Event: 3283.031 Thread 0x000000001f67f800 Uncommon trap: reason=null_check action=make_not_entrant pc=0x0000000006bf5220 method=com.sun.org.apache.xerces.internal.dom.NamedNodeMapImpl.findNamePoint(Ljava/lang/String;Ljava/lang/String;)I @ 105
Event: 3287.338 Thread 0x000000001f67f800 Uncommon trap: reason=unstable_if action=reinterpret pc=0x0000000006b4267c method=org.gradle.internal.execution.history.changes.CachingChangeContainer.accept(Lorg/gradle/internal/execution/history/changes/ChangeVisitor;)Z @ 108

Classes redefined (0 events):
No events

Internal exceptions (10 events):
Event: 3278.941 Thread 0x000000001b65d800 Exception <a 'java/lang/NoSuchMethodError': <clinit>> (0x00000000f5562250) thrown at [D:\src\AOSP-openjdk-cygwin\jdk8u\hotspot\src\share\vm\prims\jni.cpp, line 1614]
Event: 3278.941 Thread 0x000000001b65d800 Exception <a 'java/lang/NoSuchMethodError': <clinit>> (0x00000000f5563850) thrown at [D:\src\AOSP-openjdk-cygwin\jdk8u\hotspot\src\share\vm\prims\jni.cpp, line 1614]
Event: 3278.941 Thread 0x000000001b65d800 Exception <a 'java/lang/NoSuchMethodError': <clinit>> (0x00000000f5564cf0) thrown at [D:\src\AOSP-openjdk-cygwin\jdk8u\hotspot\src\share\vm\prims\jni.cpp, line 1614]
Event: 3278.962 Thread 0x000000001b65d800 Implicit null exception at 0x0000000003e08df7 to 0x0000000003e097ed
Event: 3278.964 Thread 0x000000001b65d800 Implicit null exception at 0x0000000003bc01a3 to 0x0000000003bc080d
Event: 3279.342 Thread 0x000000001b65d800 Exception <a 'sun/nio/fs/WindowsException'> (0x00000000e079ef30) thrown at [D:\src\AOSP-openjdk-cygwin\jdk8u\hotspot\src\share\vm\prims\jni.cpp, line 710]
Event: 3283.029 Thread 0x000000001f67f800 Implicit null exception at 0x0000000005454cef to 0x0000000005456e39
Event: 3283.031 Thread 0x000000001f67f800 Implicit null exception at 0x0000000006bf49c5 to 0x0000000006bf51f6
Event: 3286.665 Thread 0x000000001f689000 Exception <a 'sun/nio/fs/WindowsException'> (0x00000000e15a3668) thrown at [D:\src\AOSP-openjdk-cygwin\jdk8u\hotspot\src\share\vm\prims\jni.cpp, line 710]
Event: 3286.666 Thread 0x000000001f689000 Exception <a 'sun/nio/fs/WindowsException'> (0x00000000e15a3b10) thrown at [D:\src\AOSP-openjdk-cygwin\jdk8u\hotspot\src\share\vm\prims\jni.cpp, line 710]

Events (10 events):
Event: 3287.286 Thread 0x00000000185eb000 flushing nmethod 0x0000000004831550
Event: 3287.287 Thread 0x00000000185eb000 flushing nmethod 0x0000000004a0a750
Event: 3287.289 Thread 0x00000000185f1800 flushing nmethod 0x0000000004d70310
Event: 3287.289 Thread 0x00000000185f1800 flushing nmethod 0x0000000004deeb50
Event: 3287.295 Thread 0x00000000185f1800 flushing nmethod 0x000000000599b6d0
Event: 3287.338 Thread 0x000000001f67f800 Uncommon trap: trap_request=0xffffff65 fr.pc=0x0000000006b4267c
Event: 3287.338 Thread 0x000000001f67f800 DEOPT PACKING pc=0x0000000006b4267c sp=0x0000000024fdca40
Event: 3287.338 Thread 0x000000001f67f800 DEOPT UNPACKING pc=0x00000000030a557b sp=0x0000000024fdc8d8 mode 2
Event: 3287.521 Executing VM operation: RevokeBias
Event: 3287.521 Executing VM operation: RevokeBias done


Dynamic libraries:
0x00007ff77d3c0000 - 0x00007ff77d3f1000 	D:\work ware\jre\bin\java.exe
0x00007ffaddfc0000 - 0x00007ffade1b0000 	C:\WINDOWS\SYSTEM32\ntdll.dll
0x00007ffadc520000 - 0x00007ffadc5d2000 	C:\WINDOWS\System32\KERNEL32.DLL
0x00007ffadb970000 - 0x00007ffadbc13000 	C:\WINDOWS\System32\KERNELBASE.dll
0x00007ffadd0f0000 - 0x00007ffadd193000 	C:\WINDOWS\System32\ADVAPI32.dll
0x00007ffadc070000 - 0x00007ffadc10e000 	C:\WINDOWS\System32\msvcrt.dll
0x00007ffadc3f0000 - 0x00007ffadc487000 	C:\WINDOWS\System32\sechost.dll
0x00007ffadd610000 - 0x00007ffadd730000 	C:\WINDOWS\System32\RPCRT4.dll
0x00007ffadcbb0000 - 0x00007ffadcd44000 	C:\WINDOWS\System32\USER32.dll
0x00007ffadb1c0000 - 0x00007ffadb1e1000 	C:\WINDOWS\System32\win32u.dll
0x00007ffadc490000 - 0x00007ffadc4b6000 	C:\WINDOWS\System32\GDI32.dll
0x00007ffadaf50000 - 0x00007ffadb0e4000 	C:\WINDOWS\System32\gdi32full.dll
0x00007ffadbc20000 - 0x00007ffadbcbe000 	C:\WINDOWS\System32\msvcp_win.dll
0x00007ffadbf10000 - 0x00007ffadc00a000 	C:\WINDOWS\System32\ucrtbase.dll
0x00007ffad4eb0000 - 0x00007ffad5135000 	C:\WINDOWS\WinSxS\amd64_microsoft.windows.common-controls_6595b64144ccf1df_6.0.18362.719_none_e6c7b883130c6729\COMCTL32.dll
0x00007ffadcdb0000 - 0x00007ffadd0e6000 	C:\WINDOWS\System32\combase.dll
0x00007ffadbe90000 - 0x00007ffadbf10000 	C:\WINDOWS\System32\bcryptPrimitives.dll
0x00007ffadcb80000 - 0x00007ffadcbae000 	C:\WINDOWS\System32\IMM32.DLL
0x0000000059180000 - 0x0000000059252000 	D:\work ware\jre\jre\bin\msvcr100.dll
0x0000000059420000 - 0x0000000059c66000 	D:\work ware\jre\jre\bin\server\jvm.dll
0x00007ffadd2e0000 - 0x00007ffadd2e8000 	C:\WINDOWS\System32\PSAPI.DLL
0x00007ffaceab0000 - 0x00007ffaceab9000 	C:\WINDOWS\SYSTEM32\WSOCK32.dll
0x00007ffaddf10000 - 0x00007ffaddf7f000 	C:\WINDOWS\System32\WS2_32.dll
0x00007ffad2b40000 - 0x00007ffad2b4a000 	C:\WINDOWS\SYSTEM32\VERSION.dll
0x00007ffacf190000 - 0x00007ffacf1b4000 	C:\WINDOWS\SYSTEM32\WINMM.dll
0x00007ffacf160000 - 0x00007ffacf18d000 	C:\WINDOWS\SYSTEM32\winmmbase.dll
0x00007ffadbe40000 - 0x00007ffadbe8a000 	C:\WINDOWS\System32\cfgmgr32.dll
0x00007ffacea80000 - 0x00007ffacea8f000 	D:\work ware\jre\jre\bin\verify.dll
0x00007ffacea50000 - 0x00007ffacea79000 	D:\work ware\jre\jre\bin\java.dll
0x00007ffacea30000 - 0x00007ffacea46000 	D:\work ware\jre\jre\bin\zip.dll
0x00007ffadd820000 - 0x00007ffaddf05000 	C:\WINDOWS\System32\SHELL32.dll
0x00007ffadc5e0000 - 0x00007ffadc689000 	C:\WINDOWS\System32\shcore.dll
0x00007ffadb1f0000 - 0x00007ffadb970000 	C:\WINDOWS\System32\windows.storage.dll
0x00007ffadaeb0000 - 0x00007ffadaed3000 	C:\WINDOWS\System32\profapi.dll
0x00007ffadaf00000 - 0x00007ffadaf4a000 	C:\WINDOWS\System32\powrprof.dll
0x00007ffadae80000 - 0x00007ffadae90000 	C:\WINDOWS\System32\UMPDC.dll
0x00007ffadcb00000 - 0x00007ffadcb52000 	C:\WINDOWS\System32\shlwapi.dll
0x00007ffadae90000 - 0x00007ffadaea1000 	C:\WINDOWS\System32\kernel.appcore.dll
0x00007ffadb1a0000 - 0x00007ffadb1b7000 	C:\WINDOWS\System32\cryptsp.dll
0x00007ffacea10000 - 0x00007ffacea2a000 	D:\work ware\jre\jre\bin\net.dll
0x00007ffad1400000 - 0x00007ffad15d5000 	C:\WINDOWS\SYSTEM32\urlmon.dll
0x00007ffad2ba0000 - 0x00007ffad2e46000 	C:\WINDOWS\SYSTEM32\iertutil.dll
0x00007ffada8c0000 - 0x00007ffada8cc000 	C:\WINDOWS\SYSTEM32\CRYPTBASE.DLL
0x00007ffada6f0000 - 0x00007ffada757000 	C:\WINDOWS\system32\mswsock.dll
0x00007fface9b0000 - 0x00007fface9c3000 	D:\work ware\jre\jre\bin\nio.dll
0x00007ffacc060000 - 0x00007ffacc086000 	C:\Users\gzp\.gradle\native\30\windows-amd64\native-platform.dll
0x00007ffacc770000 - 0x00007ffacc77d000 	D:\work ware\jre\jre\bin\management.dll
0x00007ffada260000 - 0x00007ffada293000 	C:\WINDOWS\system32\rsaenh.dll
0x00007ffadbcc0000 - 0x00007ffadbce6000 	C:\WINDOWS\System32\bcrypt.dll
0x00007ffadada0000 - 0x00007ffadadc5000 	C:\WINDOWS\SYSTEM32\USERENV.dll
0x00007ffada400000 - 0x00007ffada43a000 	C:\WINDOWS\SYSTEM32\IPHLPAPI.DLL
0x00007ffadcb60000 - 0x00007ffadcb68000 	C:\WINDOWS\System32\NSI.dll
0x00007ffad75e0000 - 0x00007ffad75f6000 	C:\WINDOWS\SYSTEM32\dhcpcsvc6.DLL
0x00007ffad7500000 - 0x00007ffad751c000 	C:\WINDOWS\SYSTEM32\dhcpcsvc.DLL
0x00007ffada440000 - 0x00007ffada50a000 	C:\WINDOWS\SYSTEM32\DNSAPI.dll
0x00007ffad2a90000 - 0x00007ffad2ab4000 	D:\work ware\jre\jre\bin\sunec.dll
0x00007ffad5f80000 - 0x00007ffad5f8a000 	C:\Windows\System32\rasadhlp.dll
0x00007ffad77b0000 - 0x00007ffad7827000 	C:\WINDOWS\System32\fwpuclnt.dll
0x00007ffad4d80000 - 0x00007ffad4d8b000 	D:\work ware\jre\jre\bin\sunmscapi.dll
0x00007ffadbcf0000 - 0x00007ffadbe39000 	C:\WINDOWS\System32\CRYPT32.dll
0x00007ffadaee0000 - 0x00007ffadaef2000 	C:\WINDOWS\System32\MSASN1.dll
0x00007ffad2b00000 - 0x00007ffad2b1e000 	C:\Users\gzp\AppData\Local\Temp\native-platform6505393359528288443dir\native-platform.dll

VM Arguments:
jvm_args: -Xmx1536m -Dfile.encoding=GBK -Duser.country=CN -Duser.language=zh -Duser.variant 
java_command: org.gradle.launcher.daemon.bootstrap.GradleDaemon 5.6.4
java_class_path (initial): C:\Users\gzp\.gradle\wrapper\dists\gradle-5.6.4-all\ankdp27end7byghfw1q2sw75f\gradle-5.6.4\lib\gradle-launcher-5.6.4.jar
Launcher Type: SUN_STANDARD

Environment Variables:
JAVA_HOME=C:\Program Files\Java\jdk1.8.0_241
CLASSPATH=.;C:\Program Files\Java\jdk1.8.0_241\lib;C:\Program Files\Java\jdk1.8.0_241\lib\dt.jar;C:\Program Files\Java\jdk1.8.0_241\lib\tools.jar
PATH=D:\Xshell\;C:\Program Files (x86)\Common Files\Oracle\Java\javapath;C:\WINDOWS\system32;C:\WINDOWS;C:\WINDOWS\System32\Wbem;C:\WINDOWS\System32\WindowsPowerShell\v1.0\;C:\WINDOWS\System32\OpenSSH\;D:\Git\cmd;D:\go\bin;C:\Program Files\Java\jdk1.8.0_241\bin;C:\Program Files\Java\jdk1.8.0_241\jre\bin;C:\Users\gzp\AppData\Local\Microsoft\WindowsApps;D:\work ware\Microsoft VS Code\bin;D:\flutterSDK\flutter\bin;C:\Users\gzp\go\bin;C:\Program Files\Java\jdk1.8.0_241\bin;C:\Program Files\Java\jdk1.8.0_241\jre\bin;
USERNAME=gzp
OS=Windows_NT
PROCESSOR_IDENTIFIER=Intel64 Family 6 Model 158 Stepping 10, GenuineIntel



---------------  S Y S T E M  ---------------

OS: Windows 10.0 , 64 bit Build 18362 (10.0.18362.329)

CPU:total 6 (initial active 6) (6 cores per cpu, 1 threads per core) family 6 model 158 stepping 10, cmov, cx8, fxsr, mmx, sse, sse2, sse3, ssse3, sse4.1, sse4.2, popcnt, avx, avx2, aes, clmul, erms, 3dnowpref, lzcnt, tsc, tscinvbit, bmi1, bmi2, adx

Memory: 4k page, physical 16718868k(1835548k free), swap 28703820k(2916k free)

vm_info: OpenJDK 64-Bit Server VM (25.212-b04) for windows-amd64 JRE (1.8.0_212-release-1586-b04), built by "builder" with MS VC++ 10.0 (VS2010)

time: Tue Mar 24 10:37:44 2020
timezone: 中国标准时间
elapsed time: 3287 seconds (0d 0h 54m 47s)

